

================================================================
== Vitis HLS Report for 'bit_reverse'
================================================================
* Date:           Thu Oct 20 22:23:43 2022

* Version:        2022.1 (Build 3526262 on Mon Apr 18 15:48:16 MDT 2022)
* Project:        hls_FFT_bitReverse
* Solution:       solution1 (Vivado IP Flow Target)
* Product family: zynq
* Target device:  xc7z020-clg400-1


================================================================
== Performance Estimates
================================================================
+ Timing: 
    * Summary: 
    +--------+----------+----------+------------+
    |  Clock |  Target  | Estimated| Uncertainty|
    +--------+----------+----------+------------+
    |ap_clk  |  10.00 ns|  6.508 ns|     2.70 ns|
    +--------+----------+----------+------------+

+ Latency: 
    * Summary: 
    +---------+---------+-----------+-----------+------+------+---------+
    |  Latency (cycles) |   Latency (absolute)  |   Interval  | Pipeline|
    |   min   |   max   |    min    |    max    |  min |  max |   Type  |
    +---------+---------+-----------+-----------+------+------+---------+
    |     2050|     2050|  20.500 us|  20.500 us|  2051|  2051|       no|
    +---------+---------+-----------+-----------+------+------+---------+

    + Detail: 
        * Instance: 
        N/A

        * Loop: 
        +-----------+---------+---------+----------+-----------+-----------+------+----------+
        |           |  Latency (cycles) | Iteration|  Initiation Interval  | Trip |          |
        | Loop Name |   min   |   max   |  Latency |  achieved |   target  | Count| Pipelined|
        +-----------+---------+---------+----------+-----------+-----------+------+----------+
        |- Reverse  |     2048|     2048|         2|          2|          1|  1024|       yes|
        +-----------+---------+---------+----------+-----------+-----------+------+----------+



================================================================
== Utilization Estimates
================================================================
* Summary: 
+-----------------+---------+-----+--------+-------+-----+
|       Name      | BRAM_18K| DSP |   FF   |  LUT  | URAM|
+-----------------+---------+-----+--------+-------+-----+
|DSP              |        -|    -|       -|      -|    -|
|Expression       |        -|    -|       0|   3408|    -|
|FIFO             |        -|    -|       -|      -|    -|
|Instance         |        -|    -|       -|      -|    -|
|Memory           |        -|    -|       -|      -|    -|
|Multiplexer      |        -|    -|       -|    115|    -|
|Register         |        -|    -|    1091|      -|    -|
+-----------------+---------+-----+--------+-------+-----+
|Total            |        0|    0|    1091|   3523|    0|
+-----------------+---------+-----+--------+-------+-----+
|Available        |      280|  220|  106400|  53200|    0|
+-----------------+---------+-----+--------+-------+-----+
|Utilization (%)  |        0|    0|       1|      6|    0|
+-----------------+---------+-----+--------+-------+-----+

+ Detail: 
    * Instance: 
    N/A

    * DSP: 
    N/A

    * Memory: 
    N/A

    * FIFO: 
    N/A

    * Expression: 
    +-----------------------------------+----------+----+---+------+------------+------------+
    |           Variable Name           | Operation| DSP| FF|  LUT | Bitwidth P0| Bitwidth P1|
    +-----------------------------------+----------+----+---+------+------------+------------+
    |add_ln50_fu_135_p2                 |         +|   0|  0|    12|          11|           1|
    |and_ln825_fu_160_p2                |       and|   0|  0|  1024|        1024|        1024|
    |ap_enable_state1_pp0_iter0_stage0  |       and|   0|  0|     2|           1|           1|
    |ap_enable_state2_pp0_iter0_stage1  |       and|   0|  0|     2|           1|           1|
    |ap_predicate_op33_load_state1      |       and|   0|  0|     2|           1|           1|
    |ap_predicate_op42_load_state2      |       and|   0|  0|     2|           1|           1|
    |icmp_ln50_fu_129_p2                |      icmp|   0|  0|    12|          11|          12|
    |p_Result_s_fu_166_p2               |      icmp|   0|  0|   179|        1024|           1|
    |shl_ln825_fu_154_p2                |       shl|   0|  0|  2171|           1|        1024|
    |ap_enable_pp0                      |       xor|   0|  0|     2|           1|           2|
    +-----------------------------------+----------+----+---+------+------------+------------+
    |Total                              |          |   0|  0|  3408|        2076|        2068|
    +-----------------------------------+----------+----+---+------+------------+------------+

    * Multiplexer: 
    +------------------------------+----+-----------+------+-----------+
    |             Name             | LUT| Input Size| Bits | Total Bits|
    +------------------------------+----+-----------+------+-----------+
    |X_I_address0                  |  14|          3|    10|         30|
    |X_I_address1                  |  14|          3|    10|         30|
    |X_R_address0                  |  14|          3|    10|         30|
    |X_R_address1                  |  14|          3|    10|         30|
    |ap_NS_fsm                     |  14|          3|     1|          3|
    |ap_done_int                   |   9|          2|     1|          2|
    |ap_sig_allocacmp_i_2          |   9|          2|    11|         22|
    |ap_sig_allocacmp_p_Val2_load  |   9|          2|  1024|       2048|
    |i_fu_54                       |   9|          2|    11|         22|
    |p_Val2_s_fu_58                |   9|          2|  1024|       2048|
    +------------------------------+----+-----------+------+-----------+
    |Total                         | 115|         25|  2112|       4265|
    +------------------------------+----+-----------+------+-----------+

    * Register: 
    +--------------------+------+----+------+-----------+
    |        Name        |  FF  | LUT| Bits | Const Bits|
    +--------------------+------+----+------+-----------+
    |X_I_addr_1_reg_253  |    10|   0|    10|          0|
    |X_I_addr_reg_243    |    10|   0|    10|          0|
    |X_R_addr_1_reg_248  |    10|   0|    10|          0|
    |X_R_addr_reg_238    |    10|   0|    10|          0|
    |add_ln50_reg_229    |    11|   0|    11|          0|
    |ap_CS_fsm           |     2|   0|     2|          0|
    |ap_done_reg         |     1|   0|     1|          0|
    |i_fu_54             |    11|   0|    11|          0|
    |icmp_ln50_reg_225   |     1|   0|     1|          0|
    |p_Result_s_reg_234  |     1|   0|     1|          0|
    |p_Val2_s_fu_58      |  1024|   0|  1024|          0|
    +--------------------+------+----+------+-----------+
    |Total               |  1091|   0|  1091|          0|
    +--------------------+------+----+------+-----------+



================================================================
== Interface
================================================================
* Summary: 
+--------------+-----+-----+------------+--------------+--------------+
|   RTL Ports  | Dir | Bits|  Protocol  | Source Object|    C Type    |
+--------------+-----+-----+------------+--------------+--------------+
|ap_clk        |   in|    1|  ap_ctrl_hs|   bit_reverse|  return value|
|ap_rst        |   in|    1|  ap_ctrl_hs|   bit_reverse|  return value|
|ap_start      |   in|    1|  ap_ctrl_hs|   bit_reverse|  return value|
|ap_done       |  out|    1|  ap_ctrl_hs|   bit_reverse|  return value|
|ap_idle       |  out|    1|  ap_ctrl_hs|   bit_reverse|  return value|
|ap_ready      |  out|    1|  ap_ctrl_hs|   bit_reverse|  return value|
|X_R_address0  |  out|   10|   ap_memory|           X_R|         array|
|X_R_ce0       |  out|    1|   ap_memory|           X_R|         array|
|X_R_we0       |  out|    1|   ap_memory|           X_R|         array|
|X_R_d0        |  out|   32|   ap_memory|           X_R|         array|
|X_R_q0        |   in|   32|   ap_memory|           X_R|         array|
|X_R_address1  |  out|   10|   ap_memory|           X_R|         array|
|X_R_ce1       |  out|    1|   ap_memory|           X_R|         array|
|X_R_we1       |  out|    1|   ap_memory|           X_R|         array|
|X_R_d1        |  out|   32|   ap_memory|           X_R|         array|
|X_R_q1        |   in|   32|   ap_memory|           X_R|         array|
|X_I_address0  |  out|   10|   ap_memory|           X_I|         array|
|X_I_ce0       |  out|    1|   ap_memory|           X_I|         array|
|X_I_we0       |  out|    1|   ap_memory|           X_I|         array|
|X_I_d0        |  out|   32|   ap_memory|           X_I|         array|
|X_I_q0        |   in|   32|   ap_memory|           X_I|         array|
|X_I_address1  |  out|   10|   ap_memory|           X_I|         array|
|X_I_ce1       |  out|    1|   ap_memory|           X_I|         array|
|X_I_we1       |  out|    1|   ap_memory|           X_I|         array|
|X_I_d1        |  out|   32|   ap_memory|           X_I|         array|
|X_I_q1        |   in|   32|   ap_memory|           X_I|         array|
+--------------+-----+-----+------------+--------------+--------------+

