

================================================================
== Vitis HLS Report for 'fft_Pipeline_butterfly'
================================================================
* Date:           Fri Oct 21 22:25:58 2022

* Version:        2022.1 (Build 3526262 on Mon Apr 18 15:48:16 MDT 2022)
* Project:        hls_FFT_hardware
* Solution:       solution1 (Vivado IP Flow Target)
* Product family: zynq
* Target device:  xc7z020-clg400-1


================================================================
== Performance Estimates
================================================================
+ Timing: 
    * Summary: 
    +--------+----------+----------+------------+
    |  Clock |  Target  | Estimated| Uncertainty|
    +--------+----------+----------+------------+
    |ap_clk  |  10.00 ns|  7.256 ns|     2.70 ns|
    +--------+----------+----------+------------+

+ Latency: 
    * Summary: 
    +---------+---------+----------+----------+-----+-----+---------+
    |  Latency (cycles) |  Latency (absolute) |  Interval | Pipeline|
    |   min   |   max   |    min   |    max   | min | max |   Type  |
    +---------+---------+----------+----------+-----+-----+---------+
    |      273|      273|  2.730 us|  2.730 us|  273|  273|       no|
    +---------+---------+----------+----------+-----+-----+---------+

    + Detail: 
        * Instance: 
        N/A

        * Loop: 
        +-------------+---------+---------+----------+-----------+-----------+------+----------+
        |             |  Latency (cycles) | Iteration|  Initiation Interval  | Trip |          |
        |  Loop Name  |   min   |   max   |  Latency |  achieved |   target  | Count| Pipelined|
        +-------------+---------+---------+----------+-----------+-----------+------+----------+
        |- butterfly  |      271|      271|        17|          1|          1|   256|       yes|
        +-------------+---------+---------+----------+-----------+-----------+------+----------+



================================================================
== Utilization Estimates
================================================================
* Summary: 
+-----------------+---------+-----+--------+-------+-----+
|       Name      | BRAM_18K| DSP |   FF   |  LUT  | URAM|
+-----------------+---------+-----+--------+-------+-----+
|DSP              |        -|    -|       -|      -|    -|
|Expression       |        -|    -|       0|     60|    -|
|FIFO             |        -|    -|       -|      -|    -|
|Instance         |        -|   12|     572|   1396|    -|
|Memory           |        -|    -|       -|      -|    -|
|Multiplexer      |        -|    -|       -|     81|    -|
|Register         |        -|    -|    2259|    224|    -|
+-----------------+---------+-----+--------+-------+-----+
|Total            |        0|   12|    2831|   1761|    0|
+-----------------+---------+-----+--------+-------+-----+
|Available        |      280|  220|  106400|  53200|    0|
+-----------------+---------+-----+--------+-------+-----+
|Utilization (%)  |        0|    5|       2|      3|    0|
+-----------------+---------+-----+--------+-------+-----+

+ Detail: 
    * Instance: 
    +------------------------------------+-------------------------------+---------+----+-----+-----+-----+
    |              Instance              |             Module            | BRAM_18K| DSP|  FF | LUT | URAM|
    +------------------------------------+-------------------------------+---------+----+-----+-----+-----+
    |fmul_32ns_32ns_32_4_max_dsp_1_U126  |fmul_32ns_32ns_32_4_max_dsp_1  |        0|   3|  143|  321|    0|
    |fmul_32ns_32ns_32_4_max_dsp_1_U127  |fmul_32ns_32ns_32_4_max_dsp_1  |        0|   3|  143|  321|    0|
    |fmul_32ns_32ns_32_4_max_dsp_1_U128  |fmul_32ns_32ns_32_4_max_dsp_1  |        0|   3|  143|  321|    0|
    |fmul_32ns_32ns_32_4_max_dsp_1_U129  |fmul_32ns_32ns_32_4_max_dsp_1  |        0|   3|  143|  321|    0|
    |mux_32_32_1_1_U130                  |mux_32_32_1_1                  |        0|   0|    0|   14|    0|
    |mux_32_32_1_1_U131                  |mux_32_32_1_1                  |        0|   0|    0|   14|    0|
    |mux_32_32_1_1_U132                  |mux_32_32_1_1                  |        0|   0|    0|   14|    0|
    |mux_32_32_1_1_U133                  |mux_32_32_1_1                  |        0|   0|    0|   14|    0|
    |mux_32_32_1_1_U134                  |mux_32_32_1_1                  |        0|   0|    0|   14|    0|
    |mux_32_32_1_1_U135                  |mux_32_32_1_1                  |        0|   0|    0|   14|    0|
    |mux_32_32_1_1_U136                  |mux_32_32_1_1                  |        0|   0|    0|   14|    0|
    |mux_32_32_1_1_U137                  |mux_32_32_1_1                  |        0|   0|    0|   14|    0|
    +------------------------------------+-------------------------------+---------+----+-----+-----+-----+
    |Total                               |                               |        0|  12|  572| 1396|    0|
    +------------------------------------+-------------------------------+---------+----+-----+-----+-----+

    * DSP: 
    N/A

    * Memory: 
    N/A

    * FIFO: 
    N/A

    * Expression: 
    +-------------------------------------+----------+----+---+----+------------+------------+
    |            Variable Name            | Operation| DSP| FF| LUT| Bitwidth P0| Bitwidth P1|
    +-------------------------------------+----------+----+---+----+------------+------------+
    |add_ln205_fu_795_p2                  |         +|   0|  0|  13|          10|           2|
    |add_ln219_fu_789_p2                  |         +|   0|  0|  12|          11|           2|
    |ap_block_pp0                         |       and|   0|  0|   2|           1|           1|
    |ap_enable_state17_pp0_iter16_stage0  |       and|   0|  0|   2|           1|           1|
    |ap_predicate_op255_store_state17     |       and|   0|  0|   2|           1|           1|
    |ap_predicate_op260_store_state17     |       and|   0|  0|   2|           1|           1|
    |icmp_ln214_fu_768_p2                 |      icmp|   0|  0|   8|           2|           1|
    |icmp_ln216_fu_877_p2                 |      icmp|   0|  0|   8|           2|           1|
    |or_ln205_fu_774_p2                   |        or|   0|  0|   9|           9|           1|
    |ap_enable_pp0                        |       xor|   0|  0|   2|           1|           2|
    +-------------------------------------+----------+----+---+----+------------+------------+
    |Total                                |          |   0|  0|  60|          39|          13|
    +-------------------------------------+----------+----+---+----+------------+------------+

    * Multiplexer: 
    +----------------------------------------+----+-----------+-----+-----------+
    |                  Name                  | LUT| Input Size| Bits| Total Bits|
    +----------------------------------------+----+-----------+-----+-----------+
    |ap_done_int                             |   9|          2|    1|          2|
    |ap_enable_reg_pp0_iter1                 |   9|          2|    1|          2|
    |ap_phi_reg_pp0_iter11_empty_14_reg_558  |   9|          2|   32|         64|
    |ap_phi_reg_pp0_iter11_empty_15_reg_548  |   9|          2|   32|         64|
    |ap_sig_allocacmp_i_4                    |   9|          2|   10|         20|
    |ap_sig_allocacmp_j_load                 |   9|          2|   11|         22|
    |ap_sig_allocacmp_j_load_1               |   9|          2|   11|         22|
    |i_fu_94                                 |   9|          2|   10|         20|
    |j_fu_90                                 |   9|          2|   11|         22|
    +----------------------------------------+----+-----------+-----+-----------+
    |Total                                   |  81|         18|  119|        238|
    +----------------------------------------+----+-----------+-----+-----------+

    * Register: 
    +----------------------------------------+----+----+-----+-----------+
    |                  Name                  | FF | LUT| Bits| Const Bits|
    +----------------------------------------+----+----+-----+-----------+
    |ap_CS_fsm                               |   1|   0|    1|          0|
    |ap_done_reg                             |   1|   0|    1|          0|
    |ap_enable_reg_pp0_iter1                 |   1|   0|    1|          0|
    |ap_enable_reg_pp0_iter10                |   1|   0|    1|          0|
    |ap_enable_reg_pp0_iter11                |   1|   0|    1|          0|
    |ap_enable_reg_pp0_iter12                |   1|   0|    1|          0|
    |ap_enable_reg_pp0_iter13                |   1|   0|    1|          0|
    |ap_enable_reg_pp0_iter14                |   1|   0|    1|          0|
    |ap_enable_reg_pp0_iter15                |   1|   0|    1|          0|
    |ap_enable_reg_pp0_iter16                |   1|   0|    1|          0|
    |ap_enable_reg_pp0_iter2                 |   1|   0|    1|          0|
    |ap_enable_reg_pp0_iter3                 |   1|   0|    1|          0|
    |ap_enable_reg_pp0_iter4                 |   1|   0|    1|          0|
    |ap_enable_reg_pp0_iter5                 |   1|   0|    1|          0|
    |ap_enable_reg_pp0_iter6                 |   1|   0|    1|          0|
    |ap_enable_reg_pp0_iter7                 |   1|   0|    1|          0|
    |ap_enable_reg_pp0_iter8                 |   1|   0|    1|          0|
    |ap_enable_reg_pp0_iter9                 |   1|   0|    1|          0|
    |ap_loop_exit_ready_pp0_iter10_reg       |   1|   0|    1|          0|
    |ap_loop_exit_ready_pp0_iter11_reg       |   1|   0|    1|          0|
    |ap_loop_exit_ready_pp0_iter12_reg       |   1|   0|    1|          0|
    |ap_loop_exit_ready_pp0_iter13_reg       |   1|   0|    1|          0|
    |ap_loop_exit_ready_pp0_iter14_reg       |   1|   0|    1|          0|
    |ap_loop_exit_ready_pp0_iter15_reg       |   1|   0|    1|          0|
    |ap_loop_exit_ready_pp0_iter1_reg        |   1|   0|    1|          0|
    |ap_loop_exit_ready_pp0_iter2_reg        |   1|   0|    1|          0|
    |ap_loop_exit_ready_pp0_iter3_reg        |   1|   0|    1|          0|
    |ap_loop_exit_ready_pp0_iter4_reg        |   1|   0|    1|          0|
    |ap_loop_exit_ready_pp0_iter5_reg        |   1|   0|    1|          0|
    |ap_loop_exit_ready_pp0_iter6_reg        |   1|   0|    1|          0|
    |ap_loop_exit_ready_pp0_iter7_reg        |   1|   0|    1|          0|
    |ap_loop_exit_ready_pp0_iter8_reg        |   1|   0|    1|          0|
    |ap_loop_exit_ready_pp0_iter9_reg        |   1|   0|    1|          0|
    |ap_phi_reg_pp0_iter10_empty_14_reg_558  |  32|   0|   32|          0|
    |ap_phi_reg_pp0_iter10_empty_15_reg_548  |  32|   0|   32|          0|
    |ap_phi_reg_pp0_iter11_empty_14_reg_558  |  32|   0|   32|          0|
    |ap_phi_reg_pp0_iter11_empty_15_reg_548  |  32|   0|   32|          0|
    |ap_phi_reg_pp0_iter1_empty_14_reg_558   |  32|   0|   32|          0|
    |ap_phi_reg_pp0_iter1_empty_15_reg_548   |  32|   0|   32|          0|
    |ap_phi_reg_pp0_iter2_empty_14_reg_558   |  32|   0|   32|          0|
    |ap_phi_reg_pp0_iter2_empty_15_reg_548   |  32|   0|   32|          0|
    |ap_phi_reg_pp0_iter3_empty_14_reg_558   |  32|   0|   32|          0|
    |ap_phi_reg_pp0_iter3_empty_15_reg_548   |  32|   0|   32|          0|
    |ap_phi_reg_pp0_iter4_empty_14_reg_558   |  32|   0|   32|          0|
    |ap_phi_reg_pp0_iter4_empty_15_reg_548   |  32|   0|   32|          0|
    |ap_phi_reg_pp0_iter5_empty_14_reg_558   |  32|   0|   32|          0|
    |ap_phi_reg_pp0_iter5_empty_15_reg_548   |  32|   0|   32|          0|
    |ap_phi_reg_pp0_iter6_empty_14_reg_558   |  32|   0|   32|          0|
    |ap_phi_reg_pp0_iter6_empty_15_reg_548   |  32|   0|   32|          0|
    |ap_phi_reg_pp0_iter7_empty_14_reg_558   |  32|   0|   32|          0|
    |ap_phi_reg_pp0_iter7_empty_15_reg_548   |  32|   0|   32|          0|
    |ap_phi_reg_pp0_iter8_empty_14_reg_558   |  32|   0|   32|          0|
    |ap_phi_reg_pp0_iter8_empty_15_reg_548   |  32|   0|   32|          0|
    |ap_phi_reg_pp0_iter9_empty_14_reg_558   |  32|   0|   32|          0|
    |ap_phi_reg_pp0_iter9_empty_15_reg_548   |  32|   0|   32|          0|
    |bitcast_ln214_1_reg_1252                |  32|   0|   32|          0|
    |bitcast_ln214_reg_1234                  |  32|   0|   32|          0|
    |bitcast_ln216_1_reg_1258                |  32|   0|   32|          0|
    |bitcast_ln216_reg_1240                  |  32|   0|   32|          0|
    |bitcast_ln217_1_reg_1264                |  32|   0|   32|          0|
    |bitcast_ln217_reg_1246                  |  32|   0|   32|          0|
    |c2_1_reg_1078                           |  32|   0|   32|          0|
    |c2_reg_1054                             |  32|   0|   32|          0|
    |empty_17_reg_956                        |   2|   0|    2|          0|
    |empty_18_reg_965                        |   2|   0|    2|          0|
    |i_fu_94                                 |  10|   0|   10|          0|
    |icmp_ln214_reg_1020                     |   1|   0|    1|          0|
    |icmp_ln216_reg_1212                     |   1|   0|    1|          0|
    |j_fu_90                                 |  11|   0|   11|          0|
    |lshr_ln4_reg_1015                       |   7|   0|    7|          0|
    |mul10_1_i_reg_1132                      |  32|   0|   32|          0|
    |mul10_i_reg_1112                        |  32|   0|   32|          0|
    |mul13_1_i_reg_1137                      |  32|   0|   32|          0|
    |mul13_i_reg_1117                        |  32|   0|   32|          0|
    |mul7_1_i_reg_1127                       |  32|   0|   32|          0|
    |mul7_i_reg_1107                         |  32|   0|   32|          0|
    |mul_1_i_reg_1122                        |  32|   0|   32|          0|
    |mul_i_reg_1102                          |  32|   0|   32|          0|
    |reg_672                                 |  32|   0|   32|          0|
    |reg_679                                 |  32|   0|   32|          0|
    |reg_686                                 |  32|   0|   32|          0|
    |reg_690                                 |  32|   0|   32|          0|
    |s2_1_reg_1084                           |  32|   0|   32|          0|
    |s2_reg_1060                             |  32|   0|   32|          0|
    |temp_I_1_reg_1222                       |  32|   0|   32|          0|
    |temp_I_reg_1200                         |  32|   0|   32|          0|
    |temp_R_1_reg_1216                       |  32|   0|   32|          0|
    |temp_R_reg_1194                         |  32|   0|   32|          0|
    |tmp_2_reg_1072                          |  32|   0|   32|          0|
    |tmp_3_reg_1066                          |  32|   0|   32|          0|
    |tmp_5_reg_1206                          |  32|   0|   32|          0|
    |tmp_8_reg_1090                          |  32|   0|   32|          0|
    |tmp_9_reg_1096                          |  32|   0|   32|          0|
    |tmp_reg_952                             |   1|   0|    1|          0|
    |tmp_s_reg_1228                          |  32|   0|   32|          0|
    |zext_ln211_reg_983                      |   8|   0|   64|         56|
    |zext_ln214_reg_1142                     |   7|   0|   64|         57|
    |empty_17_reg_956                        |  64|  32|    2|          0|
    |icmp_ln214_reg_1020                     |  64|  32|    1|          0|
    |icmp_ln216_reg_1212                     |  64|  32|    1|          0|
    |lshr_ln4_reg_1015                       |  64|  32|    7|          0|
    |tmp_reg_952                             |  64|  32|    1|          0|
    |zext_ln211_reg_983                      |  64|  32|   64|         56|
    |zext_ln214_reg_1142                     |  64|  32|   64|         57|
    +----------------------------------------+----+----+-----+-----------+
    |Total                                   |2259| 224| 2064|        226|
    +----------------------------------------+----+----+-----+-----------+



================================================================
== Interface
================================================================
* Summary: 
+---------------------+-----+-----+------------+------------------------+--------------+
|      RTL Ports      | Dir | Bits|  Protocol  |      Source Object     |    C Type    |
+---------------------+-----+-----+------------+------------------------+--------------+
|ap_clk               |   in|    1|  ap_ctrl_hs|  fft_Pipeline_butterfly|  return value|
|ap_rst               |   in|    1|  ap_ctrl_hs|  fft_Pipeline_butterfly|  return value|
|ap_start             |   in|    1|  ap_ctrl_hs|  fft_Pipeline_butterfly|  return value|
|ap_done              |  out|    1|  ap_ctrl_hs|  fft_Pipeline_butterfly|  return value|
|ap_idle              |  out|    1|  ap_ctrl_hs|  fft_Pipeline_butterfly|  return value|
|ap_ready             |  out|    1|  ap_ctrl_hs|  fft_Pipeline_butterfly|  return value|
|grp_fu_519_p_din0    |  out|   32|  ap_ctrl_hs|  fft_Pipeline_butterfly|  return value|
|grp_fu_519_p_din1    |  out|   32|  ap_ctrl_hs|  fft_Pipeline_butterfly|  return value|
|grp_fu_519_p_opcode  |  out|    2|  ap_ctrl_hs|  fft_Pipeline_butterfly|  return value|
|grp_fu_519_p_dout0   |   in|   32|  ap_ctrl_hs|  fft_Pipeline_butterfly|  return value|
|grp_fu_519_p_ce      |  out|    1|  ap_ctrl_hs|  fft_Pipeline_butterfly|  return value|
|grp_fu_523_p_din0    |  out|   32|  ap_ctrl_hs|  fft_Pipeline_butterfly|  return value|
|grp_fu_523_p_din1    |  out|   32|  ap_ctrl_hs|  fft_Pipeline_butterfly|  return value|
|grp_fu_523_p_opcode  |  out|    2|  ap_ctrl_hs|  fft_Pipeline_butterfly|  return value|
|grp_fu_523_p_dout0   |   in|   32|  ap_ctrl_hs|  fft_Pipeline_butterfly|  return value|
|grp_fu_523_p_ce      |  out|    1|  ap_ctrl_hs|  fft_Pipeline_butterfly|  return value|
|grp_fu_527_p_din0    |  out|   32|  ap_ctrl_hs|  fft_Pipeline_butterfly|  return value|
|grp_fu_527_p_din1    |  out|   32|  ap_ctrl_hs|  fft_Pipeline_butterfly|  return value|
|grp_fu_527_p_opcode  |  out|    2|  ap_ctrl_hs|  fft_Pipeline_butterfly|  return value|
|grp_fu_527_p_dout0   |   in|   32|  ap_ctrl_hs|  fft_Pipeline_butterfly|  return value|
|grp_fu_527_p_ce      |  out|    1|  ap_ctrl_hs|  fft_Pipeline_butterfly|  return value|
|grp_fu_531_p_din0    |  out|   32|  ap_ctrl_hs|  fft_Pipeline_butterfly|  return value|
|grp_fu_531_p_din1    |  out|   32|  ap_ctrl_hs|  fft_Pipeline_butterfly|  return value|
|grp_fu_531_p_opcode  |  out|    2|  ap_ctrl_hs|  fft_Pipeline_butterfly|  return value|
|grp_fu_531_p_dout0   |   in|   32|  ap_ctrl_hs|  fft_Pipeline_butterfly|  return value|
|grp_fu_531_p_ce      |  out|    1|  ap_ctrl_hs|  fft_Pipeline_butterfly|  return value|
|grp_fu_535_p_din0    |  out|   32|  ap_ctrl_hs|  fft_Pipeline_butterfly|  return value|
|grp_fu_535_p_din1    |  out|   32|  ap_ctrl_hs|  fft_Pipeline_butterfly|  return value|
|grp_fu_535_p_opcode  |  out|    2|  ap_ctrl_hs|  fft_Pipeline_butterfly|  return value|
|grp_fu_535_p_dout0   |   in|   32|  ap_ctrl_hs|  fft_Pipeline_butterfly|  return value|
|grp_fu_535_p_ce      |  out|    1|  ap_ctrl_hs|  fft_Pipeline_butterfly|  return value|
|grp_fu_539_p_din0    |  out|   32|  ap_ctrl_hs|  fft_Pipeline_butterfly|  return value|
|grp_fu_539_p_din1    |  out|   32|  ap_ctrl_hs|  fft_Pipeline_butterfly|  return value|
|grp_fu_539_p_opcode  |  out|    2|  ap_ctrl_hs|  fft_Pipeline_butterfly|  return value|
|grp_fu_539_p_dout0   |   in|   32|  ap_ctrl_hs|  fft_Pipeline_butterfly|  return value|
|grp_fu_539_p_ce      |  out|    1|  ap_ctrl_hs|  fft_Pipeline_butterfly|  return value|
|grp_fu_543_p_din0    |  out|   32|  ap_ctrl_hs|  fft_Pipeline_butterfly|  return value|
|grp_fu_543_p_din1    |  out|   32|  ap_ctrl_hs|  fft_Pipeline_butterfly|  return value|
|grp_fu_543_p_opcode  |  out|    2|  ap_ctrl_hs|  fft_Pipeline_butterfly|  return value|
|grp_fu_543_p_dout0   |   in|   32|  ap_ctrl_hs|  fft_Pipeline_butterfly|  return value|
|grp_fu_543_p_ce      |  out|    1|  ap_ctrl_hs|  fft_Pipeline_butterfly|  return value|
|grp_fu_547_p_din0    |  out|   32|  ap_ctrl_hs|  fft_Pipeline_butterfly|  return value|
|grp_fu_547_p_din1    |  out|   32|  ap_ctrl_hs|  fft_Pipeline_butterfly|  return value|
|grp_fu_547_p_opcode  |  out|    2|  ap_ctrl_hs|  fft_Pipeline_butterfly|  return value|
|grp_fu_547_p_dout0   |   in|   32|  ap_ctrl_hs|  fft_Pipeline_butterfly|  return value|
|grp_fu_547_p_ce      |  out|    1|  ap_ctrl_hs|  fft_Pipeline_butterfly|  return value|
|grp_fu_551_p_din0    |  out|   32|  ap_ctrl_hs|  fft_Pipeline_butterfly|  return value|
|grp_fu_551_p_din1    |  out|   32|  ap_ctrl_hs|  fft_Pipeline_butterfly|  return value|
|grp_fu_551_p_opcode  |  out|    2|  ap_ctrl_hs|  fft_Pipeline_butterfly|  return value|
|grp_fu_551_p_dout0   |   in|   32|  ap_ctrl_hs|  fft_Pipeline_butterfly|  return value|
|grp_fu_551_p_ce      |  out|    1|  ap_ctrl_hs|  fft_Pipeline_butterfly|  return value|
|grp_fu_555_p_din0    |  out|   32|  ap_ctrl_hs|  fft_Pipeline_butterfly|  return value|
|grp_fu_555_p_din1    |  out|   32|  ap_ctrl_hs|  fft_Pipeline_butterfly|  return value|
|grp_fu_555_p_opcode  |  out|    2|  ap_ctrl_hs|  fft_Pipeline_butterfly|  return value|
|grp_fu_555_p_dout0   |   in|   32|  ap_ctrl_hs|  fft_Pipeline_butterfly|  return value|
|grp_fu_555_p_ce      |  out|    1|  ap_ctrl_hs|  fft_Pipeline_butterfly|  return value|
|grp_fu_559_p_din0    |  out|   32|  ap_ctrl_hs|  fft_Pipeline_butterfly|  return value|
|grp_fu_559_p_din1    |  out|   32|  ap_ctrl_hs|  fft_Pipeline_butterfly|  return value|
|grp_fu_559_p_opcode  |  out|    2|  ap_ctrl_hs|  fft_Pipeline_butterfly|  return value|
|grp_fu_559_p_dout0   |   in|   32|  ap_ctrl_hs|  fft_Pipeline_butterfly|  return value|
|grp_fu_559_p_ce      |  out|    1|  ap_ctrl_hs|  fft_Pipeline_butterfly|  return value|
|grp_fu_563_p_din0    |  out|   32|  ap_ctrl_hs|  fft_Pipeline_butterfly|  return value|
|grp_fu_563_p_din1    |  out|   32|  ap_ctrl_hs|  fft_Pipeline_butterfly|  return value|
|grp_fu_563_p_opcode  |  out|    2|  ap_ctrl_hs|  fft_Pipeline_butterfly|  return value|
|grp_fu_563_p_dout0   |   in|   32|  ap_ctrl_hs|  fft_Pipeline_butterfly|  return value|
|grp_fu_563_p_ce      |  out|    1|  ap_ctrl_hs|  fft_Pipeline_butterfly|  return value|
|grp_fu_567_p_din0    |  out|   32|  ap_ctrl_hs|  fft_Pipeline_butterfly|  return value|
|grp_fu_567_p_din1    |  out|   32|  ap_ctrl_hs|  fft_Pipeline_butterfly|  return value|
|grp_fu_567_p_dout0   |   in|   32|  ap_ctrl_hs|  fft_Pipeline_butterfly|  return value|
|grp_fu_567_p_ce      |  out|    1|  ap_ctrl_hs|  fft_Pipeline_butterfly|  return value|
|grp_fu_571_p_din0    |  out|   32|  ap_ctrl_hs|  fft_Pipeline_butterfly|  return value|
|grp_fu_571_p_din1    |  out|   32|  ap_ctrl_hs|  fft_Pipeline_butterfly|  return value|
|grp_fu_571_p_dout0   |   in|   32|  ap_ctrl_hs|  fft_Pipeline_butterfly|  return value|
|grp_fu_571_p_ce      |  out|    1|  ap_ctrl_hs|  fft_Pipeline_butterfly|  return value|
|grp_fu_575_p_din0    |  out|   32|  ap_ctrl_hs|  fft_Pipeline_butterfly|  return value|
|grp_fu_575_p_din1    |  out|   32|  ap_ctrl_hs|  fft_Pipeline_butterfly|  return value|
|grp_fu_575_p_dout0   |   in|   32|  ap_ctrl_hs|  fft_Pipeline_butterfly|  return value|
|grp_fu_575_p_ce      |  out|    1|  ap_ctrl_hs|  fft_Pipeline_butterfly|  return value|
|grp_fu_579_p_din0    |  out|   32|  ap_ctrl_hs|  fft_Pipeline_butterfly|  return value|
|grp_fu_579_p_din1    |  out|   32|  ap_ctrl_hs|  fft_Pipeline_butterfly|  return value|
|grp_fu_579_p_dout0   |   in|   32|  ap_ctrl_hs|  fft_Pipeline_butterfly|  return value|
|grp_fu_579_p_ce      |  out|    1|  ap_ctrl_hs|  fft_Pipeline_butterfly|  return value|
|OUT_R_1_address0     |  out|    8|   ap_memory|                 OUT_R_1|         array|
|OUT_R_1_ce0          |  out|    1|   ap_memory|                 OUT_R_1|         array|
|OUT_R_1_we0          |  out|    1|   ap_memory|                 OUT_R_1|         array|
|OUT_R_1_d0           |  out|   32|   ap_memory|                 OUT_R_1|         array|
|OUT_R_1_address1     |  out|    8|   ap_memory|                 OUT_R_1|         array|
|OUT_R_1_ce1          |  out|    1|   ap_memory|                 OUT_R_1|         array|
|OUT_R_1_we1          |  out|    1|   ap_memory|                 OUT_R_1|         array|
|OUT_R_1_d1           |  out|   32|   ap_memory|                 OUT_R_1|         array|
|OUT_I_1_address0     |  out|    8|   ap_memory|                 OUT_I_1|         array|
|OUT_I_1_ce0          |  out|    1|   ap_memory|                 OUT_I_1|         array|
|OUT_I_1_we0          |  out|    1|   ap_memory|                 OUT_I_1|         array|
|OUT_I_1_d0           |  out|   32|   ap_memory|                 OUT_I_1|         array|
|OUT_I_1_address1     |  out|    8|   ap_memory|                 OUT_I_1|         array|
|OUT_I_1_ce1          |  out|    1|   ap_memory|                 OUT_I_1|         array|
|OUT_I_1_we1          |  out|    1|   ap_memory|                 OUT_I_1|         array|
|OUT_I_1_d1           |  out|   32|   ap_memory|                 OUT_I_1|         array|
|Stage9_R_1_address0  |  out|    8|   ap_memory|              Stage9_R_1|         array|
|Stage9_R_1_ce0       |  out|    1|   ap_memory|              Stage9_R_1|         array|
|Stage9_R_1_q0        |   in|   32|   ap_memory|              Stage9_R_1|         array|
|Stage9_R_1_address1  |  out|    8|   ap_memory|              Stage9_R_1|         array|
|Stage9_R_1_ce1       |  out|    1|   ap_memory|              Stage9_R_1|         array|
|Stage9_R_1_q1        |   in|   32|   ap_memory|              Stage9_R_1|         array|
|Stage9_R_3_address0  |  out|    8|   ap_memory|              Stage9_R_3|         array|
|Stage9_R_3_ce0       |  out|    1|   ap_memory|              Stage9_R_3|         array|
|Stage9_R_3_q0        |   in|   32|   ap_memory|              Stage9_R_3|         array|
|Stage9_R_3_address1  |  out|    8|   ap_memory|              Stage9_R_3|         array|
|Stage9_R_3_ce1       |  out|    1|   ap_memory|              Stage9_R_3|         array|
|Stage9_R_3_q1        |   in|   32|   ap_memory|              Stage9_R_3|         array|
|Stage9_I_1_address0  |  out|    8|   ap_memory|              Stage9_I_1|         array|
|Stage9_I_1_ce0       |  out|    1|   ap_memory|              Stage9_I_1|         array|
|Stage9_I_1_q0        |   in|   32|   ap_memory|              Stage9_I_1|         array|
|Stage9_I_1_address1  |  out|    8|   ap_memory|              Stage9_I_1|         array|
|Stage9_I_1_ce1       |  out|    1|   ap_memory|              Stage9_I_1|         array|
|Stage9_I_1_q1        |   in|   32|   ap_memory|              Stage9_I_1|         array|
|Stage9_I_3_address0  |  out|    8|   ap_memory|              Stage9_I_3|         array|
|Stage9_I_3_ce0       |  out|    1|   ap_memory|              Stage9_I_3|         array|
|Stage9_I_3_q0        |   in|   32|   ap_memory|              Stage9_I_3|         array|
|Stage9_I_3_address1  |  out|    8|   ap_memory|              Stage9_I_3|         array|
|Stage9_I_3_ce1       |  out|    1|   ap_memory|              Stage9_I_3|         array|
|Stage9_I_3_q1        |   in|   32|   ap_memory|              Stage9_I_3|         array|
|OUT_R_0_address0     |  out|    8|   ap_memory|                 OUT_R_0|         array|
|OUT_R_0_ce0          |  out|    1|   ap_memory|                 OUT_R_0|         array|
|OUT_R_0_we0          |  out|    1|   ap_memory|                 OUT_R_0|         array|
|OUT_R_0_d0           |  out|   32|   ap_memory|                 OUT_R_0|         array|
|OUT_R_0_address1     |  out|    8|   ap_memory|                 OUT_R_0|         array|
|OUT_R_0_ce1          |  out|    1|   ap_memory|                 OUT_R_0|         array|
|OUT_R_0_we1          |  out|    1|   ap_memory|                 OUT_R_0|         array|
|OUT_R_0_d1           |  out|   32|   ap_memory|                 OUT_R_0|         array|
|OUT_I_0_address0     |  out|    8|   ap_memory|                 OUT_I_0|         array|
|OUT_I_0_ce0          |  out|    1|   ap_memory|                 OUT_I_0|         array|
|OUT_I_0_we0          |  out|    1|   ap_memory|                 OUT_I_0|         array|
|OUT_I_0_d0           |  out|   32|   ap_memory|                 OUT_I_0|         array|
|OUT_I_0_address1     |  out|    8|   ap_memory|                 OUT_I_0|         array|
|OUT_I_0_ce1          |  out|    1|   ap_memory|                 OUT_I_0|         array|
|OUT_I_0_we1          |  out|    1|   ap_memory|                 OUT_I_0|         array|
|OUT_I_0_d1           |  out|   32|   ap_memory|                 OUT_I_0|         array|
|Stage9_R_0_address0  |  out|    8|   ap_memory|              Stage9_R_0|         array|
|Stage9_R_0_ce0       |  out|    1|   ap_memory|              Stage9_R_0|         array|
|Stage9_R_0_q0        |   in|   32|   ap_memory|              Stage9_R_0|         array|
|Stage9_R_0_address1  |  out|    8|   ap_memory|              Stage9_R_0|         array|
|Stage9_R_0_ce1       |  out|    1|   ap_memory|              Stage9_R_0|         array|
|Stage9_R_0_q1        |   in|   32|   ap_memory|              Stage9_R_0|         array|
|Stage9_R_2_address0  |  out|    8|   ap_memory|              Stage9_R_2|         array|
|Stage9_R_2_ce0       |  out|    1|   ap_memory|              Stage9_R_2|         array|
|Stage9_R_2_q0        |   in|   32|   ap_memory|              Stage9_R_2|         array|
|Stage9_R_2_address1  |  out|    8|   ap_memory|              Stage9_R_2|         array|
|Stage9_R_2_ce1       |  out|    1|   ap_memory|              Stage9_R_2|         array|
|Stage9_R_2_q1        |   in|   32|   ap_memory|              Stage9_R_2|         array|
|Stage9_I_0_address0  |  out|    8|   ap_memory|              Stage9_I_0|         array|
|Stage9_I_0_ce0       |  out|    1|   ap_memory|              Stage9_I_0|         array|
|Stage9_I_0_q0        |   in|   32|   ap_memory|              Stage9_I_0|         array|
|Stage9_I_0_address1  |  out|    8|   ap_memory|              Stage9_I_0|         array|
|Stage9_I_0_ce1       |  out|    1|   ap_memory|              Stage9_I_0|         array|
|Stage9_I_0_q1        |   in|   32|   ap_memory|              Stage9_I_0|         array|
|Stage9_I_2_address0  |  out|    8|   ap_memory|              Stage9_I_2|         array|
|Stage9_I_2_ce0       |  out|    1|   ap_memory|              Stage9_I_2|         array|
|Stage9_I_2_q0        |   in|   32|   ap_memory|              Stage9_I_2|         array|
|Stage9_I_2_address1  |  out|    8|   ap_memory|              Stage9_I_2|         array|
|Stage9_I_2_ce1       |  out|    1|   ap_memory|              Stage9_I_2|         array|
|Stage9_I_2_q1        |   in|   32|   ap_memory|              Stage9_I_2|         array|
|OUT_R_2_address0     |  out|    8|   ap_memory|                 OUT_R_2|         array|
|OUT_R_2_ce0          |  out|    1|   ap_memory|                 OUT_R_2|         array|
|OUT_R_2_we0          |  out|    1|   ap_memory|                 OUT_R_2|         array|
|OUT_R_2_d0           |  out|   32|   ap_memory|                 OUT_R_2|         array|
|OUT_R_2_address1     |  out|    8|   ap_memory|                 OUT_R_2|         array|
|OUT_R_2_ce1          |  out|    1|   ap_memory|                 OUT_R_2|         array|
|OUT_R_2_we1          |  out|    1|   ap_memory|                 OUT_R_2|         array|
|OUT_R_2_d1           |  out|   32|   ap_memory|                 OUT_R_2|         array|
|OUT_I_2_address0     |  out|    8|   ap_memory|                 OUT_I_2|         array|
|OUT_I_2_ce0          |  out|    1|   ap_memory|                 OUT_I_2|         array|
|OUT_I_2_we0          |  out|    1|   ap_memory|                 OUT_I_2|         array|
|OUT_I_2_d0           |  out|   32|   ap_memory|                 OUT_I_2|         array|
|OUT_I_2_address1     |  out|    8|   ap_memory|                 OUT_I_2|         array|
|OUT_I_2_ce1          |  out|    1|   ap_memory|                 OUT_I_2|         array|
|OUT_I_2_we1          |  out|    1|   ap_memory|                 OUT_I_2|         array|
|OUT_I_2_d1           |  out|   32|   ap_memory|                 OUT_I_2|         array|
|OUT_R_3_address0     |  out|    8|   ap_memory|                 OUT_R_3|         array|
|OUT_R_3_ce0          |  out|    1|   ap_memory|                 OUT_R_3|         array|
|OUT_R_3_we0          |  out|    1|   ap_memory|                 OUT_R_3|         array|
|OUT_R_3_d0           |  out|   32|   ap_memory|                 OUT_R_3|         array|
|OUT_R_3_address1     |  out|    8|   ap_memory|                 OUT_R_3|         array|
|OUT_R_3_ce1          |  out|    1|   ap_memory|                 OUT_R_3|         array|
|OUT_R_3_we1          |  out|    1|   ap_memory|                 OUT_R_3|         array|
|OUT_R_3_d1           |  out|   32|   ap_memory|                 OUT_R_3|         array|
|OUT_I_3_address0     |  out|    8|   ap_memory|                 OUT_I_3|         array|
|OUT_I_3_ce0          |  out|    1|   ap_memory|                 OUT_I_3|         array|
|OUT_I_3_we0          |  out|    1|   ap_memory|                 OUT_I_3|         array|
|OUT_I_3_d0           |  out|   32|   ap_memory|                 OUT_I_3|         array|
|OUT_I_3_address1     |  out|    8|   ap_memory|                 OUT_I_3|         array|
|OUT_I_3_ce1          |  out|    1|   ap_memory|                 OUT_I_3|         array|
|OUT_I_3_we1          |  out|    1|   ap_memory|                 OUT_I_3|         array|
|OUT_I_3_d1           |  out|   32|   ap_memory|                 OUT_I_3|         array|
|W_real_address0      |  out|    9|   ap_memory|                  W_real|         array|
|W_real_ce0           |  out|    1|   ap_memory|                  W_real|         array|
|W_real_q0            |   in|   32|   ap_memory|                  W_real|         array|
|W_real_address1      |  out|    9|   ap_memory|                  W_real|         array|
|W_real_ce1           |  out|    1|   ap_memory|                  W_real|         array|
|W_real_q1            |   in|   32|   ap_memory|                  W_real|         array|
|W_imag_address0      |  out|    9|   ap_memory|                  W_imag|         array|
|W_imag_ce0           |  out|    1|   ap_memory|                  W_imag|         array|
|W_imag_q0            |   in|   32|   ap_memory|                  W_imag|         array|
|W_imag_address1      |  out|    9|   ap_memory|                  W_imag|         array|
|W_imag_ce1           |  out|    1|   ap_memory|                  W_imag|         array|
|W_imag_q1            |   in|   32|   ap_memory|                  W_imag|         array|
+---------------------+-----+-----+------------+------------------------+--------------+

