

================================================================
== Vitis HLS Report for 'fft_Pipeline_Reverse'
================================================================
* Date:           Fri Oct 21 21:44:56 2022

* Version:        2022.1 (Build 3526262 on Mon Apr 18 15:48:16 MDT 2022)
* Project:        hls_FFT_initial
* Solution:       solution1 (Vivado IP Flow Target)
* Product family: zynq
* Target device:  xc7z020-clg400-1


================================================================
== Performance Estimates
================================================================
+ Timing: 
    * Summary: 
    +--------+----------+----------+------------+
    |  Clock |  Target  | Estimated| Uncertainty|
    +--------+----------+----------+------------+
    |ap_clk  |  10.00 ns|  6.508 ns|     2.70 ns|
    +--------+----------+----------+------------+

+ Latency: 
    * Summary: 
    +---------+---------+-----------+-----------+------+------+---------+
    |  Latency (cycles) |   Latency (absolute)  |   Interval  | Pipeline|
    |   min   |   max   |    min    |    max    |  min |  max |   Type  |
    +---------+---------+-----------+-----------+------+------+---------+
    |     2050|     2050|  20.500 us|  20.500 us|  2050|  2050|       no|
    +---------+---------+-----------+-----------+------+------+---------+

    + Detail: 
        * Instance: 
        N/A

        * Loop: 
        +-----------+---------+---------+----------+-----------+-----------+------+----------+
        |           |  Latency (cycles) | Iteration|  Initiation Interval  | Trip |          |
        | Loop Name |   min   |   max   |  Latency |  achieved |   target  | Count| Pipelined|
        +-----------+---------+---------+----------+-----------+-----------+------+----------+
        |- Reverse  |     2048|     2048|         2|          2|          1|  1024|       yes|
        +-----------+---------+---------+----------+-----------+-----------+------+----------+

============================================================
+ Verbose Summary: Synthesis Manager
============================================================
InlineROM: 1
ExposeGlobal: 0
============================================================
+ Verbose Summary: CDFG Model
============================================================
IsTopModel: 0
ResetActiveHigh: 1
IsCombinational: 0
IsDatapathOnly: 0
HasWiredReturn: 1
HasMFsm: 2
HasVarLatency: 1
IsPipeline: 0
IsRtlPipelined: 0
IsInstanceOverlapped: 0
IsDontTouch: 0
HasImplIP: 0
IsGatedGlobalClock: 0

+ Individual pipeline summary: 
  * Pipeline-0: initiation interval (II) = 2, depth = 3


============================================================
+ Verbose Summary: Schedule
============================================================
* Number of FSM states : 3
* Pipeline : 1
  Pipeline-0 : II = 2, D = 3, States = { 1 2 3 }
* Dataflow Pipeline: 0

* FSM state transitions: 
1 --> 2 
2 --> 3 
3 --> 

* FSM state operations: 

State 1 <SV = 0> <Delay = 1.58>
ST_1 : Operation 5 [1/1] (0.00ns)   --->   "%i_2 = alloca i32 1"   --->   Operation 5 'alloca' 'i_2' <Predicate = true> <Delay = 0.00>
ST_1 : Operation 6 [1/1] (0.00ns)   --->   "%p_Val2_s = alloca i32 1"   --->   Operation 6 'alloca' 'p_Val2_s' <Predicate = true> <Delay = 0.00>
ST_1 : Operation 7 [1/1] (0.00ns)   --->   "%specinterface_ln0 = specinterface void @_ssdm_op_SpecInterface, i32 %X_I, void @empty, i32 0, i32 0, void @empty_0, i32 4294967295, i32 0, void @empty_0, void @empty_0, void @empty_0, i32 0, i32 0, i32 0, i32 0, void @empty_0, void @empty_0, i32 4294967295, i32 0"   --->   Operation 7 'specinterface' 'specinterface_ln0' <Predicate = true> <Delay = 0.00>
ST_1 : Operation 8 [1/1] (0.00ns)   --->   "%specinterface_ln0 = specinterface void @_ssdm_op_SpecInterface, i32 %X_R, void @empty, i32 0, i32 0, void @empty_0, i32 4294967295, i32 0, void @empty_0, void @empty_0, void @empty_0, i32 0, i32 0, i32 0, i32 0, void @empty_0, void @empty_0, i32 4294967295, i32 0"   --->   Operation 8 'specinterface' 'specinterface_ln0' <Predicate = true> <Delay = 0.00>
ST_1 : Operation 9 [1/1] (1.58ns)   --->   "%store_ln0 = store i1024 0, i1024 %p_Val2_s"   --->   Operation 9 'store' 'store_ln0' <Predicate = true> <Delay = 1.58>
ST_1 : Operation 10 [1/1] (1.58ns)   --->   "%store_ln0 = store i11 0, i11 %i_2"   --->   Operation 10 'store' 'store_ln0' <Predicate = true> <Delay = 1.58>
ST_1 : Operation 11 [1/1] (0.00ns)   --->   "%br_ln0 = br void %for.body"   --->   Operation 11 'br' 'br_ln0' <Predicate = true> <Delay = 0.00>

State 2 <SV = 1> <Delay = 6.46>
ST_2 : Operation 12 [1/1] (0.00ns)   --->   "%i = load i11 %i_2" [../FFT/FFT/HLS/0_Initial/fft.cpp:69]   --->   Operation 12 'load' 'i' <Predicate = true> <Delay = 0.00>
ST_2 : Operation 13 [1/1] (0.00ns)   --->   "%specpipeline_ln0 = specpipeline void @_ssdm_op_SpecPipeline, i32 4294967295, i32 0, i32 1, i32 0, void @p_str"   --->   Operation 13 'specpipeline' 'specpipeline_ln0' <Predicate = true> <Delay = 0.00>
ST_2 : Operation 14 [1/1] (1.88ns)   --->   "%icmp_ln69 = icmp_eq  i11 %i, i11 1024" [../FFT/FFT/HLS/0_Initial/fft.cpp:69]   --->   Operation 14 'icmp' 'icmp_ln69' <Predicate = true> <Delay = 1.88> <CoreInst = "Cmp">   --->   Core 9 'Cmp' <Latency = 0> <II = 1> <Delay = 1.88> <FuncUnit> <Opcode : 'icmp'> <InPorts = 2> <OutPorts = 1>
ST_2 : Operation 15 [1/1] (0.00ns)   --->   "%empty = speclooptripcount i32 @_ssdm_op_SpecLoopTripCount, i64 1024, i64 1024, i64 1024"   --->   Operation 15 'speclooptripcount' 'empty' <Predicate = true> <Delay = 0.00>
ST_2 : Operation 16 [1/1] (1.63ns)   --->   "%add_ln69 = add i11 %i, i11 1" [../FFT/FFT/HLS/0_Initial/fft.cpp:69]   --->   Operation 16 'add' 'add_ln69' <Predicate = true> <Delay = 1.63> <CoreInst = "Adder">   --->   Core 1 'Adder' <Latency = 0> <II = 1> <Delay = 1.63> <FuncUnit> <Opcode : 'add' 'sub'> <InPorts = 2> <OutPorts = 1>
ST_2 : Operation 17 [1/1] (0.00ns)   --->   "%br_ln69 = br i1 %icmp_ln69, void %for.body.split, void %butterfly.preheader.exitStub" [../FFT/FFT/HLS/0_Initial/fft.cpp:69]   --->   Operation 17 'br' 'br_ln69' <Predicate = true> <Delay = 0.00>
ST_2 : Operation 18 [1/1] (0.00ns)   --->   "%p_Val2_load = load i1024 %p_Val2_s"   --->   Operation 18 'load' 'p_Val2_load' <Predicate = (!icmp_ln69)> <Delay = 0.00>
ST_2 : Operation 19 [1/1] (0.00ns)   --->   "%i_2_cast = zext i11 %i" [../FFT/FFT/HLS/0_Initial/fft.cpp:69]   --->   Operation 19 'zext' 'i_2_cast' <Predicate = (!icmp_ln69)> <Delay = 0.00>
ST_2 : Operation 20 [1/1] (0.00ns)   --->   "%specloopname_ln1088 = specloopname void @_ssdm_op_SpecLoopName, void @empty_5"   --->   Operation 20 'specloopname' 'specloopname_ln1088' <Predicate = (!icmp_ln69)> <Delay = 0.00>
ST_2 : Operation 21 [1/1] (0.00ns) (grouped into LUT with out node p_Result_s)   --->   "%zext_ln825 = zext i11 %i"   --->   Operation 21 'zext' 'zext_ln825' <Predicate = (!icmp_ln69)> <Delay = 0.00>
ST_2 : Operation 22 [1/1] (0.00ns) (grouped into LUT with out node p_Result_s)   --->   "%shl_ln825 = shl i1024 1, i1024 %zext_ln825"   --->   Operation 22 'shl' 'shl_ln825' <Predicate = (!icmp_ln69)> <Delay = 0.00> <CoreInst = "Shifter">   --->   Core 75 'Shifter' <Latency = 0> <II = 1> <Delay = 3.46> <FuncUnit> <Opcode : 'shl' 'lshr' 'ashr'> <InPorts = 2> <OutPorts = 1>
ST_2 : Operation 23 [1/1] (0.00ns) (grouped into LUT with out node p_Result_s)   --->   "%and_ln825 = and i1024 %shl_ln825, i1024 %p_Val2_load"   --->   Operation 23 'and' 'and_ln825' <Predicate = (!icmp_ln69)> <Delay = 0.00> <CoreInst = "LogicGate">   --->   Core 74 'LogicGate' <Latency = 0> <II = 1> <Delay = 0.99> <FuncUnit> <Opcode : 'and' 'or' 'xor'> <InPorts = 2> <OutPorts = 1>
ST_2 : Operation 24 [1/1] (3.90ns) (out node of the LUT)   --->   "%p_Result_s = icmp_eq  i1024 %and_ln825, i1024 0"   --->   Operation 24 'icmp' 'p_Result_s' <Predicate = (!icmp_ln69)> <Delay = 3.90> <CoreInst = "Cmp">   --->   Core 9 'Cmp' <Latency = 0> <II = 1> <Delay = 3.90> <FuncUnit> <Opcode : 'icmp'> <InPorts = 2> <OutPorts = 1>
ST_2 : Operation 25 [1/1] (0.00ns)   --->   "%br_ln70 = br i1 %p_Result_s, void %for.inc, void %if.then" [../FFT/FFT/HLS/0_Initial/fft.cpp:70]   --->   Operation 25 'br' 'br_ln70' <Predicate = (!icmp_ln69)> <Delay = 0.00>
ST_2 : Operation 26 [1/1] (0.00ns)   --->   "%or_ln37_8 = partselect i10 @_ssdm_op_PartSelect.i10.i11.i32.i32, i11 %i, i32 9, i32 0" [../FFT/FFT/HLS/0_Initial/fft.cpp:37]   --->   Operation 26 'partselect' 'or_ln37_8' <Predicate = (!icmp_ln69 & p_Result_s)> <Delay = 0.00>
ST_2 : Operation 27 [1/1] (0.00ns)   --->   "%zext_ln850 = zext i10 %or_ln37_8"   --->   Operation 27 'zext' 'zext_ln850' <Predicate = (!icmp_ln69 & p_Result_s)> <Delay = 0.00>
ST_2 : Operation 28 [1/1] (0.00ns)   --->   "%p_Result_2 = bitset i1024 @_ssdm_op_BitSet.i1024.i1024.i32.i1, i1024 %p_Val2_load, i32 %zext_ln850, i1 1"   --->   Operation 28 'bitset' 'p_Result_2' <Predicate = (!icmp_ln69 & p_Result_s)> <Delay = 0.00>
ST_2 : Operation 29 [1/1] (0.00ns)   --->   "%X_R_addr = getelementptr i32 %X_R, i64 0, i64 %i_2_cast" [../FFT/FFT/HLS/0_Initial/fft.cpp:75]   --->   Operation 29 'getelementptr' 'X_R_addr' <Predicate = (!icmp_ln69 & p_Result_s)> <Delay = 0.00>
ST_2 : Operation 30 [2/2] (3.25ns)   --->   "%X_R_temp = load i10 %X_R_addr" [../FFT/FFT/HLS/0_Initial/fft.cpp:75]   --->   Operation 30 'load' 'X_R_temp' <Predicate = (!icmp_ln69 & p_Result_s)> <Delay = 3.25> <CoreInst = "RAM">   --->   Core 82 'RAM' <Latency = 1> <II = 1> <Delay = 3.25> <Storage> <Opcode : 'load' 'store'> <Ports = 2> <Width = 32> <Depth = 1024> <RAM>
ST_2 : Operation 31 [1/1] (0.00ns)   --->   "%X_I_addr = getelementptr i32 %X_I, i64 0, i64 %i_2_cast" [../FFT/FFT/HLS/0_Initial/fft.cpp:76]   --->   Operation 31 'getelementptr' 'X_I_addr' <Predicate = (!icmp_ln69 & p_Result_s)> <Delay = 0.00>
ST_2 : Operation 32 [2/2] (3.25ns)   --->   "%X_I_temp = load i10 %X_I_addr" [../FFT/FFT/HLS/0_Initial/fft.cpp:76]   --->   Operation 32 'load' 'X_I_temp' <Predicate = (!icmp_ln69 & p_Result_s)> <Delay = 3.25> <CoreInst = "RAM">   --->   Core 82 'RAM' <Latency = 1> <II = 1> <Delay = 3.25> <Storage> <Opcode : 'load' 'store'> <Ports = 2> <Width = 32> <Depth = 1024> <RAM>
ST_2 : Operation 33 [1/1] (0.00ns)   --->   "%zext_ln587 = zext i10 %or_ln37_8"   --->   Operation 33 'zext' 'zext_ln587' <Predicate = (!icmp_ln69 & p_Result_s)> <Delay = 0.00>
ST_2 : Operation 34 [1/1] (0.00ns)   --->   "%X_R_addr_1 = getelementptr i32 %X_R, i64 0, i64 %zext_ln587" [../FFT/FFT/HLS/0_Initial/fft.cpp:77]   --->   Operation 34 'getelementptr' 'X_R_addr_1' <Predicate = (!icmp_ln69 & p_Result_s)> <Delay = 0.00>
ST_2 : Operation 35 [2/2] (3.25ns)   --->   "%X_R_load = load i10 %X_R_addr_1" [../FFT/FFT/HLS/0_Initial/fft.cpp:77]   --->   Operation 35 'load' 'X_R_load' <Predicate = (!icmp_ln69 & p_Result_s)> <Delay = 3.25> <CoreInst = "RAM">   --->   Core 82 'RAM' <Latency = 1> <II = 1> <Delay = 3.25> <Storage> <Opcode : 'load' 'store'> <Ports = 2> <Width = 32> <Depth = 1024> <RAM>
ST_2 : Operation 36 [1/1] (0.00ns)   --->   "%X_I_addr_1 = getelementptr i32 %X_I, i64 0, i64 %zext_ln587" [../FFT/FFT/HLS/0_Initial/fft.cpp:78]   --->   Operation 36 'getelementptr' 'X_I_addr_1' <Predicate = (!icmp_ln69 & p_Result_s)> <Delay = 0.00>
ST_2 : Operation 37 [2/2] (3.25ns)   --->   "%X_I_load = load i10 %X_I_addr_1" [../FFT/FFT/HLS/0_Initial/fft.cpp:78]   --->   Operation 37 'load' 'X_I_load' <Predicate = (!icmp_ln69 & p_Result_s)> <Delay = 3.25> <CoreInst = "RAM">   --->   Core 82 'RAM' <Latency = 1> <II = 1> <Delay = 3.25> <Storage> <Opcode : 'load' 'store'> <Ports = 2> <Width = 32> <Depth = 1024> <RAM>
ST_2 : Operation 38 [1/1] (1.58ns)   --->   "%store_ln81 = store i1024 %p_Result_2, i1024 %p_Val2_s" [../FFT/FFT/HLS/0_Initial/fft.cpp:81]   --->   Operation 38 'store' 'store_ln81' <Predicate = (!icmp_ln69 & p_Result_s)> <Delay = 1.58>
ST_2 : Operation 50 [1/1] (0.00ns)   --->   "%ret_ln0 = ret"   --->   Operation 50 'ret' 'ret_ln0' <Predicate = (icmp_ln69)> <Delay = 0.00>

State 3 <SV = 2> <Delay = 6.50>
ST_3 : Operation 39 [1/2] (3.25ns)   --->   "%X_R_temp = load i10 %X_R_addr" [../FFT/FFT/HLS/0_Initial/fft.cpp:75]   --->   Operation 39 'load' 'X_R_temp' <Predicate = (!icmp_ln69 & p_Result_s)> <Delay = 3.25> <CoreInst = "RAM">   --->   Core 82 'RAM' <Latency = 1> <II = 1> <Delay = 3.25> <Storage> <Opcode : 'load' 'store'> <Ports = 2> <Width = 32> <Depth = 1024> <RAM>
ST_3 : Operation 40 [1/2] (3.25ns)   --->   "%X_I_temp = load i10 %X_I_addr" [../FFT/FFT/HLS/0_Initial/fft.cpp:76]   --->   Operation 40 'load' 'X_I_temp' <Predicate = (!icmp_ln69 & p_Result_s)> <Delay = 3.25> <CoreInst = "RAM">   --->   Core 82 'RAM' <Latency = 1> <II = 1> <Delay = 3.25> <Storage> <Opcode : 'load' 'store'> <Ports = 2> <Width = 32> <Depth = 1024> <RAM>
ST_3 : Operation 41 [1/2] (3.25ns)   --->   "%X_R_load = load i10 %X_R_addr_1" [../FFT/FFT/HLS/0_Initial/fft.cpp:77]   --->   Operation 41 'load' 'X_R_load' <Predicate = (!icmp_ln69 & p_Result_s)> <Delay = 3.25> <CoreInst = "RAM">   --->   Core 82 'RAM' <Latency = 1> <II = 1> <Delay = 3.25> <Storage> <Opcode : 'load' 'store'> <Ports = 2> <Width = 32> <Depth = 1024> <RAM>
ST_3 : Operation 42 [1/1] (3.25ns)   --->   "%store_ln77 = store i32 %X_R_load, i10 %X_R_addr" [../FFT/FFT/HLS/0_Initial/fft.cpp:77]   --->   Operation 42 'store' 'store_ln77' <Predicate = (!icmp_ln69 & p_Result_s)> <Delay = 3.25> <CoreInst = "RAM">   --->   Core 82 'RAM' <Latency = 1> <II = 1> <Delay = 3.25> <Storage> <Opcode : 'load' 'store'> <Ports = 2> <Width = 32> <Depth = 1024> <RAM>
ST_3 : Operation 43 [1/2] (3.25ns)   --->   "%X_I_load = load i10 %X_I_addr_1" [../FFT/FFT/HLS/0_Initial/fft.cpp:78]   --->   Operation 43 'load' 'X_I_load' <Predicate = (!icmp_ln69 & p_Result_s)> <Delay = 3.25> <CoreInst = "RAM">   --->   Core 82 'RAM' <Latency = 1> <II = 1> <Delay = 3.25> <Storage> <Opcode : 'load' 'store'> <Ports = 2> <Width = 32> <Depth = 1024> <RAM>
ST_3 : Operation 44 [1/1] (3.25ns)   --->   "%store_ln78 = store i32 %X_I_load, i10 %X_I_addr" [../FFT/FFT/HLS/0_Initial/fft.cpp:78]   --->   Operation 44 'store' 'store_ln78' <Predicate = (!icmp_ln69 & p_Result_s)> <Delay = 3.25> <CoreInst = "RAM">   --->   Core 82 'RAM' <Latency = 1> <II = 1> <Delay = 3.25> <Storage> <Opcode : 'load' 'store'> <Ports = 2> <Width = 32> <Depth = 1024> <RAM>
ST_3 : Operation 45 [1/1] (3.25ns)   --->   "%store_ln79 = store i32 %X_R_temp, i10 %X_R_addr_1" [../FFT/FFT/HLS/0_Initial/fft.cpp:79]   --->   Operation 45 'store' 'store_ln79' <Predicate = (!icmp_ln69 & p_Result_s)> <Delay = 3.25> <CoreInst = "RAM">   --->   Core 82 'RAM' <Latency = 1> <II = 1> <Delay = 3.25> <Storage> <Opcode : 'load' 'store'> <Ports = 2> <Width = 32> <Depth = 1024> <RAM>
ST_3 : Operation 46 [1/1] (3.25ns)   --->   "%store_ln80 = store i32 %X_I_temp, i10 %X_I_addr_1" [../FFT/FFT/HLS/0_Initial/fft.cpp:80]   --->   Operation 46 'store' 'store_ln80' <Predicate = (!icmp_ln69 & p_Result_s)> <Delay = 3.25> <CoreInst = "RAM">   --->   Core 82 'RAM' <Latency = 1> <II = 1> <Delay = 3.25> <Storage> <Opcode : 'load' 'store'> <Ports = 2> <Width = 32> <Depth = 1024> <RAM>
ST_3 : Operation 47 [1/1] (0.00ns)   --->   "%br_ln81 = br void %for.inc" [../FFT/FFT/HLS/0_Initial/fft.cpp:81]   --->   Operation 47 'br' 'br_ln81' <Predicate = (!icmp_ln69 & p_Result_s)> <Delay = 0.00>
ST_3 : Operation 48 [1/1] (1.58ns)   --->   "%store_ln69 = store i11 %add_ln69, i11 %i_2" [../FFT/FFT/HLS/0_Initial/fft.cpp:69]   --->   Operation 48 'store' 'store_ln69' <Predicate = (!icmp_ln69)> <Delay = 1.58>
ST_3 : Operation 49 [1/1] (0.00ns)   --->   "%br_ln69 = br void %for.body" [../FFT/FFT/HLS/0_Initial/fft.cpp:69]   --->   Operation 49 'br' 'br_ln69' <Predicate = (!icmp_ln69)> <Delay = 0.00>


============================================================
+ Verbose Summary: Timing violations
============================================================
Target clock period: 10ns, clock uncertainty: 2.7ns.

 <State 1>: 1.59ns
The critical path consists of the following:
	'alloca' operation ('__Val2__') [4]  (0 ns)
	'store' operation ('store_ln0') of constant 0 on local variable '__Val2__' [7]  (1.59 ns)

 <State 2>: 6.47ns
The critical path consists of the following:
	'load' operation ('i', ../FFT/FFT/HLS/0_Initial/fft.cpp:69) on local variable 'input' [11]  (0 ns)
	'shl' operation ('shl_ln825') [22]  (0 ns)
	'and' operation ('and_ln825') [23]  (0 ns)
	'icmp' operation ('__Result__') [24]  (3.9 ns)
	blocking operation 2.57 ns on control path)

 <State 3>: 6.51ns
The critical path consists of the following:
	'load' operation ('X_R_load', ../FFT/FFT/HLS/0_Initial/fft.cpp:77) on array 'X_R' [36]  (3.25 ns)
	'store' operation ('store_ln77', ../FFT/FFT/HLS/0_Initial/fft.cpp:77) of variable 'X_R_load', ../FFT/FFT/HLS/0_Initial/fft.cpp:77 on array 'X_R' [37]  (3.25 ns)


============================================================
+ Verbose Summary: Binding
============================================================
N/A
* FSMD analyzer results:
  - Output states:
 - Input state : 
  - Chain level:
	State 1
	State 2
	State 3


============================================================
+ Verbose Summary: Datapath Resource usage 
============================================================
N/A
