INFO: [SIM 2] *************** CSIM start ***************
INFO: [SIM 4] CSIM will launch GCC as the compiler.
   Compiling ../../../../../FFT/FFT/HLS/0_Initial/fft.cpp in debug mode
   Generating csim.exe
INPUTS
Printing FFT Output
   0	523776.000000	0.000000
   1	-511.992493	166885.500000
   2	-511.996216	83441.968750
   3	-511.999908	55627.109375
   4	-511.998077	41719.414063
   5	-511.991516	33374.593750
   6	-511.999939	27811.199219
   7	-512.003052	23837.207031
   8	-512.001892	20856.570313
   9	-512.001465	18538.185547
  10	-511.999969	16683.369141
  11	-512.001465	15165.701172
  12	-511.999969	13900.886719
  13	-511.996643	12830.580078
  14	-511.997559	11913.096680
  15	-511.994934	11117.867188
  16	-511.998291	10421.998047
  17	-511.996063	9807.920898
  18	-511.997711	9262.017578
  19	-511.996796	8773.523438
  20	-511.996521	8333.826172
  21	-511.995087	7935.953613
  22	-511.997253	7574.203125
  23	-511.996857	7243.866211
  24	-511.997467	6941.009277
  25	-511.996674	6662.341797
  26	-511.995026	6405.067871
  27	-511.996063	6166.813965
  28	-511.995392	5945.537598
  29	-511.994049	5739.485352
  30	-511.992371	5547.131836
  31	-511.993561	5367.137695
  32	-511.997955	5198.421387
  33	-511.996735	5039.861328
  34	-511.996735	4890.596680
  35	-511.997345	4749.831543
  36	-511.997620	4616.857422
  37	-511.996094	4491.041992
  38	-511.997375	4371.821777
  39	-511.998505	4258.688477
  40	-511.997833	4151.184570
  41	-511.998260	4048.899902
  42	-511.998871	3951.460449
  43	-511.999298	3858.529053
  44	-511.999420	3769.797607
  45	-511.999054	3684.986816
  46	-511.999329	3603.839111
  47	-511.997864	3526.121094
  48	-512.000854	3451.625488
  49	-512.000244	3380.145020
  50	-512.001465	3311.502441
  51	-512.001465	3245.531738
  52	-512.001892	3182.078125
  53	-512.001953	3120.998047
  54	-512.002930	3062.161865
  55	-512.002808	3005.446777
  56	-512.003479	2950.737061
  57	-512.004150	2897.929199
  58	-512.004456	2846.925049
  59	-512.006409	2797.632813
  60	-512.005737	2749.968018
  61	-512.008423	2703.851563
  62	-512.010864	2659.214111
  63	-512.020142	2616.008545
  64	-512.002441	2573.998779
  65	-512.004639	2533.353516
  66	-512.001953	2493.925293
  67	-512.002197	2455.657715
  68	-512.002197	2418.499512
  69	-512.002075	2382.402832
  70	-512.002930	2347.322998
  71	-512.003296	2313.216309
  72	-512.003723	2280.041016
  73	-512.003540	2247.761230
  74	-512.003296	2216.338867
  75	-512.003540	2185.740479
  76	-512.003357	2155.932617
  77	-512.002869	2126.885498
  78	-512.003235	2098.568848
  79	-512.002136	2070.954590
  80	-512.003540	2044.020874
  81	-512.003052	2017.736694
  82	-512.003479	1992.081055
  83	-512.003174	1967.030029
  84	-512.002747	1942.562744
  85	-512.002075	1918.658447
  86	-512.002319	1895.297607
  87	-512.002136	1872.461792
  88	-512.002197	1850.131592
  89	-512.001892	1828.291626
  90	-512.000916	1806.925049
  91	-512.001160	1786.016113
  92	-512.000610	1765.549561
  93	-511.999756	1745.510986
  94	-511.998749	1725.886475
  95	-511.997253	1706.658447
  96	-512.001343	1687.839722
  97	-512.000854	1669.385010
  98	-512.000549	1651.296021
  99	-512.000732	1633.561035
 100	-512.000610	1616.170654
 101	-511.999908	1599.113281
 102	-512.000183	1582.379883
 103	-512.000671	1565.960938
 104	-512.000244	1549.846924
 105	-512.000000	1534.029541
 106	-512.000122	1518.500122
 107	-511.999939	1503.250977
 108	-511.999512	1488.274048
 109	-511.999207	1473.561890
 110	-511.998840	1459.106567
 111	-511.997894	1444.901733
 112	-511.998932	1430.942749
 113	-511.998383	1417.219727
 114	-511.998810	1403.727905
 115	-511.998291	1390.460938
 116	-511.997986	1377.413208
 117	-511.997498	1364.578857
 118	-511.997559	1351.952637
 119	-511.997314	1339.529541
 120	-511.996490	1327.303467
 121	-511.996124	1315.270264
 122	-511.994873	1303.424805
 123	-511.994446	1291.762207
 124	-511.992310	1280.277710
 125	-511.989594	1268.965088
 126	-511.982971	1257.817871
 127	-511.968750	1246.809814
 128	-511.999054	1236.077148
 129	-511.998291	1225.429932
 130	-511.999939	1214.937256
 131	-511.998535	1204.597656
 132	-511.998596	1194.405273
 133	-511.999176	1184.357788
 134	-511.998718	1174.452148
 135	-511.998932	1164.685181
 136	-511.999054	1155.052979
 137	-511.998901	1145.553711
 138	-511.998657	1136.183716
 139	-511.998718	1126.940430
 140	-511.998474	1117.821289
 141	-511.998199	1108.823486
 142	-511.997894	1099.943970
 143	-511.997589	1091.180298
 144	-511.998230	1082.532593
 145	-511.998138	1073.995117
 146	-511.997986	1065.566772
 147	-511.998077	1057.245361
 148	-511.997742	1049.028809
 149	-511.997620	1040.914795
 150	-511.997742	1032.901367
 151	-511.997772	1024.986816
 152	-511.997467	1017.168152
 153	-511.997253	1009.444763
 154	-511.996948	1001.814209
 155	-511.997162	994.274292
 156	-511.996765	986.823730
 157	-511.996002	979.460693
 158	-511.995270	972.182922
 159	-511.993591	964.986267
 160	-511.997559	957.884033
 161	-511.997162	950.855591
 162	-511.997284	943.906616
 163	-511.997345	937.035828
 164	-511.997467	930.241943
 165	-511.997101	923.523315
 166	-511.997162	916.878418
 167	-511.997498	910.306458
 168	-511.997223	903.805359
 169	-511.997223	897.374634
 170	-511.997345	891.012573
 171	-511.997314	884.718201
 172	-511.997314	878.490112
 173	-511.997070	872.327515
 174	-511.997101	866.228516
 175	-511.996399	860.192383
 176	-511.997620	854.219360
 177	-511.997406	848.306580
 178	-511.997559	842.453308
 179	-511.997650	836.659180
 180	-511.997650	830.922729
 181	-511.997620	825.242981
 182	-511.998108	819.619385
 183	-511.998352	814.051025
 184	-511.998383	808.536377
 185	-511.998657	803.075256
 186	-511.998901	797.666626
 187	-512.000122	792.309387
 188	-512.000366	787.004028
 189	-512.002319	781.748901
 190	-512.005249	776.545349
 191	-512.014526	771.399353
 192	-511.996460	766.259705
 193	-511.996948	761.193115
 194	-511.996124	756.173828
 195	-511.996216	751.199097
 196	-511.996033	746.269043
 197	-511.995972	741.382935
 198	-511.996033	736.539917
 199	-511.996216	731.739624
 200	-511.996094	726.980896
 201	-511.995972	722.263794
 202	-511.995850	717.587280
 203	-511.995850	712.950806
 204	-511.995636	708.353638
 205	-511.995300	703.795593
 206	-511.995239	699.275269
 207	-511.994385	694.792847
 208	-511.995148	690.348267
 209	-511.994751	685.939819
 210	-511.994995	681.567688
 211	-511.994781	677.230957
 212	-511.994507	672.929199
 213	-511.994202	668.662109
 214	-511.994354	664.428833
 215	-511.994202	660.229431
 216	-511.993835	656.062683
 217	-511.993622	651.928955
 218	-511.993317	647.827148
 219	-511.993073	643.757141
 220	-511.992523	639.718201
 221	-511.991821	635.710144
 222	-511.990967	631.732056
 223	-511.988983	627.781616
 224	-511.992645	623.868652
 225	-511.992310	619.979797
 226	-511.992035	616.119995
 227	-511.991852	612.288269
 228	-511.991821	608.484741
 229	-511.991150	604.708923
 230	-511.990967	600.960205
 231	-511.990814	597.238403
 232	-511.990295	593.543091
 233	-511.989960	589.873901
 234	-511.989441	586.230347
 235	-511.988983	582.612488
 236	-511.988373	579.019775
 237	-511.987732	575.451965
 238	-511.986725	571.908203
 239	-511.985779	568.388367
 240	-511.985901	564.893005
 241	-511.984680	561.421143
 242	-511.983887	557.972046
 243	-511.982208	554.546326
 244	-511.981293	551.142029
 245	-511.979614	547.760620
 246	-511.977570	544.401123
 247	-511.974792	541.063293
 248	-511.971985	537.745667
 249	-511.968353	534.448608
 250	-511.963684	531.171143
 251	-511.956451	527.912903
 252	-511.946320	524.670959
 253	-511.928040	521.443054
 254	-511.892944	518.216980
 255	-511.783447	514.943115
 256	-511.998688	512.000000
 257	-511.997620	508.868958
 258	-511.998352	505.755310
 259	-511.998596	502.660950
 260	-511.999054	499.584839
 261	-511.998657	496.528198
 262	-511.998474	493.489258
 263	-511.998962	490.467896
 264	-511.998993	487.464172
 265	-511.998291	484.479004
 266	-511.998718	481.509766
 267	-511.998596	478.558350
 268	-511.998505	475.623657
 269	-511.998291	472.705933
 270	-511.998444	469.803955
 271	-511.997711	466.918640
 272	-511.998444	464.049805
 273	-511.998169	461.196777
 274	-511.998322	458.359192
 275	-511.998199	455.537231
 276	-511.998413	452.730408
 277	-511.998230	449.939148
 278	-511.998199	447.162781
 279	-511.998260	444.401245
 280	-511.997955	441.654175
 281	-511.997864	438.921814
 282	-511.997681	436.203674
 283	-511.997681	433.499756
 284	-511.997345	430.809692
 285	-511.997040	428.133423
 286	-511.996155	425.470764
 287	-511.994324	422.819946
 288	-511.998138	420.187744
 289	-511.998108	417.565613
 290	-511.998108	414.956482
 291	-511.998169	412.360352
 292	-511.998047	409.777100
 293	-511.997864	407.206543
 294	-511.998077	404.648193
 295	-511.998291	402.102356
 296	-511.998047	399.568909
 297	-511.998108	397.047363
 298	-511.998047	394.537842
 299	-511.998169	392.040161
 300	-511.998108	389.554260
 301	-511.998169	387.079956
 302	-511.998138	384.616943
 303	-511.997589	382.165344
 304	-511.998474	379.725159
 305	-511.998444	377.295959
 306	-511.998596	374.877502
 307	-511.998688	372.470093
 308	-511.998901	370.073364
 309	-511.998779	367.687317
 310	-511.999146	365.311707
 311	-511.999481	362.946716
 312	-511.999573	360.591675
 313	-511.999847	358.246948
 314	-512.000366	355.912415
 315	-512.001160	353.587769
 316	-512.001953	351.273743
 317	-512.003662	348.969238
 318	-512.006775	346.675842
 319	-512.016052	344.395996
 320	-511.998169	342.107056
 321	-511.998383	339.839111
 322	-511.998077	337.581421
 323	-511.998169	335.332275
 324	-511.998047	333.092163
 325	-511.998047	330.861023
 326	-511.998199	328.638550
 327	-511.998352	326.424988
 328	-511.998322	324.219849
 329	-511.998322	322.023499
 330	-511.998230	319.835571
 331	-511.998352	317.656006
 332	-511.998291	315.484680
 333	-511.998138	313.321655
 334	-511.998108	311.166443
 335	-511.997559	309.019409
 336	-511.998260	306.880493
 337	-511.998169	304.749390
 338	-511.998291	302.625977
 339	-511.998230	300.510315
 340	-511.998108	298.402161
 341	-511.997986	296.301758
 342	-511.998047	294.208435
 343	-511.998108	292.122742
 344	-511.997925	290.044067
 345	-511.997742	287.972778
 346	-511.997528	285.908813
 347	-511.997498	283.851563
 348	-511.997162	281.801453
 349	-511.996704	279.758179
 350	-511.996033	277.721558
 351	-511.994019	275.690613
 352	-511.997925	273.669800
 353	-511.997772	271.653625
 354	-511.997650	269.643921
 355	-511.997650	267.640564
 356	-511.997711	265.643860
 357	-511.997437	263.653442
 358	-511.997528	261.669189
 359	-511.997559	259.691040
 360	-511.997437	257.719299
 361	-511.997284	255.753540
 362	-511.997223	253.793701
 363	-511.997131	251.839905
 364	-511.996979	249.892029
 365	-511.996826	247.949951
 366	-511.996460	246.013550
 367	-511.995972	244.082886
 368	-511.996490	242.157898
 369	-511.996216	240.238586
 370	-511.996277	238.324524
 371	-511.995941	236.416077
 372	-511.995728	234.512939
 373	-511.995361	232.615295
 374	-511.995178	230.722656
 375	-511.994934	228.835266
 376	-511.994293	226.953186
 377	-511.993683	225.075989
 378	-511.992859	223.204041
 379	-511.991943	221.336548
 380	-511.990234	219.474182
 381	-511.987610	217.616089
 382	-511.982086	215.762390
 383	-511.966461	213.907776
 384	-511.996674	212.077637
 385	-511.996460	210.239929
 386	-511.996735	208.405823
 387	-511.996490	206.577759
 388	-511.996460	204.753418
 389	-511.996552	202.933350
 390	-511.996368	201.118225
 391	-511.996521	199.307251
 392	-511.996460	197.500427
 393	-511.996460	195.698120
 394	-511.996307	193.900024
 395	-511.996277	192.105957
 396	-511.996216	190.316162
 397	-511.996124	188.530457
 398	-511.995850	186.748657
 399	-511.995392	184.970703
 400	-511.996033	183.197021
 401	-511.996002	181.427124
 402	-511.995911	179.661072
 403	-511.995880	177.898743
 404	-511.995728	176.140198
 405	-511.995667	174.385437
 406	-511.995605	172.634094
 407	-511.995575	170.886597
 408	-511.995361	169.142517
 409	-511.995239	167.402161
 410	-511.995026	165.665161
 411	-511.994995	163.931519
 412	-511.994568	162.201416
 413	-511.994202	160.474670
 414	-511.993500	158.751099
 415	-511.991333	157.030029
 416	-511.995239	155.314209
 417	-511.995056	153.600647
 418	-511.995087	151.890015
 419	-511.994965	150.182434
 420	-511.994965	148.477966
 421	-511.994843	146.776794
 422	-511.994751	145.078308
 423	-511.994812	143.382751
 424	-511.994598	141.690186
 425	-511.994537	140.000488
 426	-511.994476	138.313660
 427	-511.994446	136.629517
 428	-511.994385	134.948364
 429	-511.994324	133.269836
 430	-511.994110	131.593872
 431	-511.993591	129.920776
 432	-511.994263	128.250000
 433	-511.994232	126.581970
 434	-511.994202	124.916382
 435	-511.994202	123.253296
 436	-511.994202	121.592712
 437	-511.994110	119.934570
 438	-511.994293	118.278687
 439	-511.994476	116.625366
 440	-511.994537	114.974121
 441	-511.994690	113.325439
 442	-511.995056	111.678833
 443	-511.995636	110.034302
 444	-511.996460	108.392578
 445	-511.997955	106.752563
 446	-512.000977	105.115234
 447	-512.010254	103.481201
 448	-511.992126	101.843628
 449	-511.991974	100.211182
 450	-511.991730	98.581787
 451	-511.991608	96.953613
 452	-511.991364	95.327515
 453	-511.991211	93.703247
 454	-511.991089	92.080566
 455	-511.990997	90.459961
 456	-511.990784	88.840820
 457	-511.990631	87.223633
 458	-511.990417	85.608154
 459	-511.990265	83.994263
 460	-511.989929	82.381958
 461	-511.989746	80.771362
 462	-511.989319	79.162231
 463	-511.988678	77.554688
 464	-511.988953	75.948486
 465	-511.988586	74.344116
 466	-511.988556	72.740723
 467	-511.988251	71.139038
 468	-511.987854	69.538574
 469	-511.987518	67.939575
 470	-511.987274	66.341675
 471	-511.986938	64.745361
 472	-511.986420	63.149902
 473	-511.986053	61.555908
 474	-511.985474	59.962891
 475	-511.985107	58.371094
 476	-511.984344	56.780762
 477	-511.983551	55.191162
 478	-511.982483	53.602539
 479	-511.979858	52.014648
 480	-511.983215	50.428711
 481	-511.982513	48.843018
 482	-511.981964	47.258545
 483	-511.981262	45.674805
 484	-511.980591	44.092041
 485	-511.979858	42.510254
 486	-511.979034	40.928711
 487	-511.978210	39.348389
 488	-511.977173	37.768555
 489	-511.976166	36.189697
 490	-511.974945	34.611084
 491	-511.973694	33.033691
 492	-511.972260	31.456543
 493	-511.970734	29.880371
 494	-511.968842	28.304199
 495	-511.966553	26.729004
 496	-511.964996	25.154297
 497	-511.962494	23.579590
 498	-511.959778	22.006348
 499	-511.956512	20.432617
 500	-511.952698	18.859863
 501	-511.948395	17.286621
 502	-511.943054	15.714844
 503	-511.936615	14.142578
 504	-511.928406	12.570313
 505	-511.917999	10.999023
 506	-511.904022	9.426758
 507	-511.884644	7.855469
 508	-511.855408	6.285156
 509	-511.806671	4.714844
 510	-511.709381	3.144531
 511	-511.417267	1.570313
 512	-512.000000	0.000000
 513	-511.999939	-1.570313
 514	-511.999939	-3.140625
 515	-511.999969	-4.712891
 516	-511.999969	-6.283203
 517	-512.000000	-7.853516
 518	-512.000000	-9.425781
 519	-512.000122	-10.997070
 520	-512.000061	-12.569336
 521	-512.000122	-14.140625
 522	-511.999969	-15.712891
 523	-512.000000	-17.285156
 524	-512.000000	-18.857910
 525	-512.000000	-20.431152
 526	-511.999817	-22.004883
 527	-511.999390	-23.578125
 528	-512.000000	-25.152832
 529	-511.999908	-26.727539
 530	-511.999908	-28.302734
 531	-511.999969	-29.878906
 532	-512.000000	-31.455078
 533	-511.999908	-33.032227
 534	-511.999878	-34.609619
 535	-511.999908	-36.188232
 536	-511.999664	-37.767090
 537	-511.999664	-39.346924
 538	-511.999542	-40.927246
 539	-511.999542	-42.508301
 540	-511.999237	-44.090332
 541	-511.998932	-45.673096
 542	-511.998291	-47.256592
 543	-511.996063	-48.841553
 544	-511.999969	-50.427246
 545	-511.999969	-52.013916
 546	-511.999969	-53.601318
 547	-511.999969	-55.189941
 548	-512.000000	-56.779541
 549	-511.999939	-58.369873
 550	-511.999939	-59.961914
 551	-512.000000	-61.554932
 552	-511.999908	-63.148926
 553	-511.999969	-64.744141
 554	-511.999908	-66.340942
 555	-511.999969	-67.938721
 556	-511.999969	-69.537842
 557	-511.999969	-71.138306
 558	-511.999878	-72.739990
 559	-511.999573	-74.343140
 560	-512.000244	-75.948120
 561	-512.000244	-77.554077
 562	-512.000244	-79.161987
 563	-512.000488	-80.770996
 564	-512.000549	-82.381714
 565	-512.000488	-83.994141
 566	-512.000732	-85.608154
 567	-512.001099	-87.223633
 568	-512.001282	-88.841064
 569	-512.001587	-90.460083
 570	-512.002014	-92.080811
 571	-512.002625	-93.703735
 572	-512.003662	-95.327881
 573	-512.005249	-96.954712
 574	-512.008423	-98.583252
 575	-512.017822	-100.215088
 576	-511.999878	-101.843506
 577	-511.999725	-103.477905
 578	-511.999908	-105.113281
 579	-511.999969	-106.751465
 580	-511.999969	-108.391602
 581	-511.999908	-110.033813
 582	-511.999969	-111.678467
 583	-512.000122	-113.325195
 584	-511.999939	-114.974243
 585	-512.000000	-116.625366
 586	-512.000000	-118.278687
 587	-512.000122	-119.934570
 588	-512.000061	-121.592712
 589	-512.000061	-123.253174
 590	-511.999939	-124.916443
 591	-511.999573	-126.581604
 592	-512.000122	-128.250122
 593	-512.000122	-129.920532
 594	-512.000183	-131.593994
 595	-512.000244	-133.269714
 596	-512.000183	-134.948303
 597	-512.000244	-136.629395
 598	-512.000122	-138.313538
 599	-512.000305	-140.000244
 600	-512.000000	-141.689941
 601	-511.999939	-143.382446
 602	-511.999939	-145.077637
 603	-511.999817	-146.776123
 604	-511.999634	-148.477356
 605	-511.999268	-150.181580
 606	-511.998688	-151.888672
 607	-511.996521	-153.598938
 608	-512.000366	-155.313843
 609	-512.000366	-157.030701
 610	-512.000427	-158.750732
 611	-512.000244	-160.474182
 612	-512.000366	-162.200989
 613	-512.000366	-163.930908
 614	-512.000305	-165.664551
 615	-512.000305	-167.401672
 616	-512.000244	-169.142029
 617	-512.000122	-170.885986
 618	-512.000000	-172.633545
 619	-512.000000	-174.384705
 620	-511.999939	-176.139404
 621	-511.999878	-177.897827
 622	-511.999573	-179.660034
 623	-511.999176	-181.425903
 624	-511.999603	-183.196167
 625	-511.999420	-184.969788
 626	-511.999359	-186.747803
 627	-511.999146	-188.529358
 628	-511.998962	-190.315063
 629	-511.998657	-192.104736
 630	-511.998413	-193.898743
 631	-511.998169	-195.696838
 632	-511.997650	-197.498962
 633	-511.997040	-199.305481
 634	-511.996338	-201.115906
 635	-511.995239	-202.931091
 636	-511.993774	-204.750000
 637	-511.991119	-206.573181
 638	-511.986145	-208.399231
 639	-511.969971	-210.226624
 640	-512.000122	-212.077087
 641	-512.000244	-213.919373
 642	-512.000000	-215.767517
 643	-512.000244	-217.619080
 644	-512.000183	-219.476074
 645	-512.000122	-221.338257
 646	-512.000122	-223.204834
 647	-512.000244	-225.076782
 648	-512.000122	-226.953735
 649	-512.000244	-228.835632
 650	-512.000183	-230.722778
 651	-512.000183	-232.615173
 652	-512.000183	-234.512756
 653	-512.000244	-236.415588
 654	-512.000000	-238.323853
 655	-511.999603	-240.237671
 656	-512.000183	-242.157349
 657	-512.000244	-244.082275
 658	-512.000183	-246.012817
 659	-512.000244	-247.949158
 660	-512.000183	-249.891113
 661	-512.000183	-251.838928
 662	-512.000122	-253.792725
 663	-512.000122	-255.752502
 664	-511.999969	-257.718079
 665	-511.999939	-259.689880
 666	-511.999878	-261.667725
 667	-511.999664	-263.651978
 668	-511.999451	-265.642212
 669	-511.999237	-267.638672
 670	-511.998627	-269.641541
 671	-511.996277	-271.650330
 672	-512.000244	-273.668701
 673	-512.000244	-275.691406
 674	-512.000244	-277.721069
 675	-512.000244	-279.757385
 676	-512.000244	-281.800659
 677	-512.000244	-283.850586
 678	-512.000122	-285.907715
 679	-512.000183	-287.972107
 680	-512.000000	-290.043152
 681	-512.000000	-292.121704
 682	-511.999969	-294.207520
 683	-512.000000	-296.300720
 684	-511.999939	-298.401245
 685	-512.000061	-300.509277
 686	-511.999847	-302.625000
 687	-511.999573	-304.748047
 688	-512.000000	-306.880005
 689	-512.000122	-309.018860
 690	-512.000122	-311.165955
 691	-512.000244	-313.321045
 692	-512.000244	-315.484131
 693	-512.000244	-317.655457
 694	-512.000366	-319.835327
 695	-512.000671	-322.023438
 696	-512.000732	-324.219849
 697	-512.001038	-326.424988
 698	-512.001465	-328.638794
 699	-512.001831	-330.861877
 700	-512.003052	-333.093262
 701	-512.004517	-335.334717
 702	-512.007690	-337.585754
 703	-512.017090	-339.850159
 704	-511.999146	-342.105652
 705	-511.998718	-344.382690
 706	-511.999054	-346.668335
 707	-511.998901	-348.964111
 708	-511.998901	-351.269287
 709	-511.998840	-353.584351
 710	-511.998779	-355.909180
 711	-511.998779	-358.244141
 712	-511.998596	-360.588928
 713	-511.998596	-362.943848
 714	-511.998535	-365.309082
 715	-511.998474	-367.684692
 716	-511.998383	-370.070679
 717	-511.998413	-372.467224
 718	-511.998047	-374.874634
 719	-511.997803	-377.292358
 720	-511.998077	-379.722168
 721	-511.997986	-382.162231
 722	-511.998047	-384.613953
 723	-511.998016	-387.076660
 724	-511.997925	-389.550781
 725	-511.997864	-392.036499
 726	-511.997650	-394.534180
 727	-511.997681	-397.043518
 728	-511.997375	-399.564636
 729	-511.997284	-402.098022
 730	-511.997040	-404.643555
 731	-511.996918	-407.201477
 732	-511.996552	-409.771667
 733	-511.996277	-412.354431
 734	-511.995544	-414.949829
 735	-511.992950	-417.557251
 736	-511.996796	-420.182373
 737	-511.996521	-422.817444
 738	-511.996429	-425.465942
 739	-511.996063	-428.128113
 740	-511.995850	-430.804077
 741	-511.995728	-433.493347
 742	-511.995483	-436.197021
 743	-511.995209	-438.914917
 744	-511.994873	-441.646851
 745	-511.994476	-444.393433
 746	-511.993958	-447.154419
 747	-511.993561	-449.930359
 748	-511.993134	-452.721191
 749	-511.992737	-455.527161
 750	-511.991974	-458.348145
 751	-511.990906	-461.184753
 752	-511.990356	-464.038025
 753	-511.989685	-466.906006
 754	-511.988647	-469.790405
 755	-511.987823	-472.690369
 756	-511.985992	-475.607361
 757	-511.984497	-478.540405
 758	-511.982758	-481.489990
 759	-511.980896	-484.455872
 760	-511.977661	-487.439026
 761	-511.973724	-490.438843
 762	-511.968384	-493.455322
 763	-511.961456	-496.487122
 764	-511.950348	-499.534241
 765	-511.933044	-502.591492
 766	-511.897522	-505.650574
 767	-511.794434	-508.654053
 768	-512.001282	-512.000000
 769	-512.002258	-515.150208
 770	-512.001587	-518.321716
 771	-512.001404	-521.512512
 772	-512.000854	-524.723511
 773	-512.001343	-527.953979
 774	-512.001526	-531.205078
 775	-512.001282	-534.477661
 776	-512.000977	-537.770813
 777	-512.001831	-541.084473
 778	-512.001221	-544.420898
 779	-512.001404	-547.778564
 780	-512.001465	-551.158325
 781	-512.001709	-554.560425
 782	-512.001282	-557.985596
 783	-512.001160	-561.432800
 784	-512.001587	-564.904785
 785	-512.001709	-568.399414
 786	-512.001648	-571.918274
 787	-512.001648	-575.461060
 788	-512.001404	-579.028748
 789	-512.001648	-582.620789
 790	-512.001587	-586.238220
 791	-512.001709	-589.881226
 792	-512.001465	-593.549683
 793	-512.001526	-597.244568
 794	-512.001404	-600.965881
 795	-512.001343	-604.714355
 796	-512.001160	-608.489624
 797	-512.000854	-612.292603
 798	-512.000488	-616.122864
 799	-511.997986	-619.980347
 800	-512.001831	-623.873535
 801	-512.001892	-627.791199
 802	-512.001892	-631.738464
 803	-512.001831	-635.715820
 804	-512.001953	-639.723389
 805	-512.002136	-643.761719
 806	-512.001953	-647.831787
 807	-512.001831	-651.933655
 808	-512.001892	-656.067078
 809	-512.001831	-660.233521
 810	-512.001831	-664.432861
 811	-512.001709	-668.666016
 812	-512.001770	-672.933044
 813	-512.001831	-677.234741
 814	-512.001709	-681.571411
 815	-512.001709	-685.942932
 816	-512.001892	-690.352478
 817	-512.002075	-694.797424
 818	-512.001892	-699.279724
 819	-512.002075	-703.799683
 820	-512.002075	-708.358154
 821	-512.002197	-712.955017
 822	-512.002319	-717.591980
 823	-512.002686	-722.268982
 824	-512.002747	-726.986328
 825	-512.002930	-731.745117
 826	-512.003418	-736.546204
 827	-512.003723	-741.390259
 828	-512.005249	-746.277527
 829	-512.006592	-751.210083
 830	-512.010071	-756.189392
 831	-512.019470	-761.223145
 832	-512.001465	-766.262451
 833	-512.000732	-771.375366
 834	-512.001587	-776.535034
 835	-512.001526	-781.743530
 836	-512.001526	-787.000732
 837	-512.001648	-792.307922
 838	-512.001343	-797.666016
 839	-512.001465	-803.075500
 840	-512.001221	-808.537109
 841	-512.001343	-814.051941
 842	-512.001404	-819.620605
 843	-512.001465	-825.244629
 844	-512.001465	-830.924255
 845	-512.001709	-836.660522
 846	-512.001343	-842.454895
 847	-512.001282	-848.307129
 848	-512.001465	-854.221313
 849	-512.001648	-860.194946
 850	-512.001648	-866.230957
 851	-512.001770	-872.329529
 852	-512.001892	-878.492126
 853	-512.002136	-884.719971
 854	-512.001892	-891.014465
 855	-512.002136	-897.376526
 856	-512.001831	-903.807007
 857	-512.001892	-910.307495
 858	-512.002075	-916.879272
 859	-512.001953	-923.523926
 860	-512.001953	-930.242004
 861	-512.001831	-937.035156
 862	-512.001404	-943.904663
 863	-511.998901	-950.849792
 864	-512.002808	-957.885620
 865	-512.002930	-964.995056
 866	-512.003052	-972.187256
 867	-512.002808	-979.463928
 868	-512.003052	-986.826599
 869	-512.003296	-994.276245
 870	-512.003174	-1001.815918
 871	-512.002930	-1009.446533
 872	-512.003052	-1017.169739
 873	-512.003052	-1024.987671
 874	-512.002930	-1032.902222
 875	-512.002869	-1040.915527
 876	-512.002930	-1049.029053
 877	-512.003113	-1057.245361
 878	-512.002930	-1065.566040
 879	-512.002808	-1073.993286
 880	-512.002930	-1082.531982
 881	-512.003052	-1091.180420
 882	-512.002625	-1099.943359
 883	-512.002563	-1108.821777
 884	-512.002441	-1117.819092
 885	-512.002502	-1126.937500
 886	-512.002014	-1136.180420
 887	-512.001648	-1145.549805
 888	-512.001465	-1155.047852
 889	-512.000732	-1164.678467
 890	-512.000427	-1174.443604
 891	-511.998840	-1184.347290
 892	-511.997925	-1194.390625
 893	-511.995178	-1204.576416
 894	-511.991547	-1214.903564
 895	-511.974091	-1225.358154
 896	-512.004028	-1236.077637
 897	-512.004883	-1246.883301
 898	-512.003052	-1257.853027
 899	-512.004761	-1268.987915
 900	-512.004639	-1280.293945
 901	-512.004028	-1291.775146
 902	-512.004639	-1303.434814
 903	-512.004700	-1315.278931
 904	-512.004272	-1327.310547
 905	-512.004639	-1339.535400
 906	-512.004883	-1351.957642
 907	-512.004822	-1364.583130
 908	-512.005005	-1377.416626
 909	-512.005493	-1390.463623
 910	-512.005493	-1403.729614
 911	-512.005005	-1417.219971
 912	-512.005554	-1430.944336
 913	-512.005737	-1444.904419
 914	-512.005920	-1459.108154
 915	-512.005859	-1473.562744
 916	-512.006104	-1488.274170
 917	-512.006287	-1503.250977
 918	-512.006104	-1518.499756
 919	-512.006348	-1534.029053
 920	-512.006226	-1549.845459
 921	-512.006470	-1565.958984
 922	-512.006714	-1582.377563
 923	-512.006226	-1599.110718
 924	-512.006531	-1616.166870
 925	-512.006531	-1633.556396
 926	-512.006226	-1651.288818
 927	-512.003418	-1669.370850
 928	-512.007446	-1687.838379
 929	-512.007996	-1706.669678
 930	-512.007813	-1725.890503
 931	-512.007690	-1745.512939
 932	-512.007813	-1765.550293
 933	-512.008301	-1786.015869
 934	-512.008179	-1806.924561
 935	-512.007996	-1828.291260
 936	-512.008057	-1850.130371
 937	-512.008179	-1872.459717
 938	-512.008057	-1895.295898
 939	-512.008118	-1918.656616
 940	-512.008301	-1942.560913
 941	-512.008850	-1967.028076
 942	-512.008423	-1992.078491
 943	-512.009094	-2017.733032
 944	-512.008667	-2044.020020
 945	-512.009155	-2070.956055
 946	-512.008850	-2098.569336
 947	-512.009216	-2126.885742
 948	-512.009338	-2155.933350
 949	-512.009521	-2185.741211
 950	-512.009399	-2216.341309
 951	-512.010132	-2247.764648
 952	-512.010010	-2280.045898
 953	-512.010681	-2313.221924
 954	-512.011414	-2347.331055
 955	-512.010986	-2382.415039
 956	-512.013794	-2418.516113
 957	-512.014282	-2455.682129
 958	-512.018311	-2493.965820
 959	-512.028198	-2533.442139
 960	-512.010437	-2573.997559
 961	-512.008301	-2615.915771
 962	-512.011475	-2659.168213
 963	-512.011230	-2703.822266
 964	-512.011841	-2749.946289
 965	-512.011963	-2797.616699
 966	-512.011597	-2846.912109
 967	-512.011841	-2897.919434
 968	-512.011414	-2950.728516
 969	-512.011841	-3005.438965
 970	-512.012146	-3062.156006
 971	-512.012451	-3120.993652
 972	-512.012878	-3182.073242
 973	-512.013916	-3245.527344
 974	-512.013489	-3311.498047
 975	-512.014771	-3380.137939
 976	-512.014465	-3451.622803
 977	-512.015808	-3526.122070
 978	-512.015259	-3603.839844
 979	-512.016113	-3684.986328
 980	-512.016785	-3769.797363
 981	-512.018433	-3858.528320
 982	-512.018066	-3951.460938
 983	-512.018921	-4048.900635
 984	-512.019043	-4151.184082
 985	-512.020020	-4258.687500
 986	-512.021606	-4371.819336
 987	-512.021484	-4491.040039
 988	-512.022949	-4616.852051
 989	-512.025024	-4749.823242
 990	-512.025330	-4890.582031
 991	-512.022461	-5039.825195
 992	-512.026550	-5198.424805
 993	-512.029175	-5367.179688
 994	-512.030273	-5547.153320
 995	-512.031311	-5739.500000
 996	-512.031982	-5945.549805
 997	-512.035767	-6166.822754
 998	-512.035767	-6405.076660
 999	-512.036194	-6662.350586
1000	-512.038696	-6941.016602
1001	-512.040894	-7243.871094
1002	-512.042358	-7574.208984
1003	-512.044739	-7935.958008
1004	-512.047729	-8333.830078
1005	-512.051758	-8773.527344
1006	-512.054077	-9262.019531
1007	-512.060181	-9807.914063
1008	-512.060181	-10422.001953
1009	-512.067017	-11117.882813
1010	-512.069397	-11913.103516
1011	-512.076904	-12830.583008
1012	-512.084167	-13900.886719
1013	-512.093384	-15165.701172
1014	-512.100037	-16683.371094
1015	-512.111084	-18538.187500
1016	-512.125793	-20856.568359
1017	-512.143555	-23837.199219
1018	-512.172119	-27811.199219
1019	-512.202271	-33374.593750
1020	-512.256653	-41719.421875
1021	-512.355225	-55627.113281
1022	-512.526489	-83441.984375
1023	-513.056152	-166885.531250
Comparing against output data 
----------------------------------------------
   RMSE(R)           RMSE(I)
0.000607955968007 0.001223214319907
----------------------------------------------
*******************************************
PASS: The output matches the golden output!
*******************************************
INFO: [SIM 1] CSim done with 0 errors.
INFO: [SIM 3] *************** CSIM finish ***************
