INFO: [SIM 2] *************** CSIM start ***************
INFO: [SIM 4] CSIM will launch GCC as the compiler.
   Compiling ../../../../../FFT/FFT/HLS/1_Subcomponents/fft_stages/fft_stages.cpp in debug mode
   Generating csim.exe
-------------------Stage 2--------------------
   RMSE(R)           RMSE(I)
0.000000000000000 0.000000000000000
----------------------------------------------
*******************************************
Stage 2 PASS
*******************************************
-------------------Stage 3--------------------
   RMSE(R)           RMSE(I)
0.000000028709067 0.000000000000000
----------------------------------------------
*******************************************
Stage 3 PASS
*******************************************
-------------------Stage 4--------------------
   RMSE(R)           RMSE(I)
0.000000057349236 0.000000047121610
----------------------------------------------
*******************************************
Stage 4 PASS
*******************************************
-------------------Stage 5--------------------
   RMSE(R)           RMSE(I)
0.000000087524086 0.000000000000000
----------------------------------------------
*******************************************
Stage 5 PASS
*******************************************
-------------------Stage 6--------------------
   RMSE(R)           RMSE(I)
0.000000070750858 0.000000000000000
----------------------------------------------
*******************************************
Stage 6 PASS
*******************************************
-------------------Stage 7--------------------
   RMSE(R)           RMSE(I)
0.000000069964834 0.000000000000000
----------------------------------------------
*******************************************
Stage 7 PASS
*******************************************
-------------------Stage 8--------------------
   RMSE(R)           RMSE(I)
0.000000044703484 0.000000000000000
----------------------------------------------
*******************************************
Stage 8 PASS
*******************************************
-------------------Stage 9--------------------
   RMSE(R)           RMSE(I)
0.000000043603404 0.000000000000000
----------------------------------------------
*******************************************
Stage 9 PASS
*******************************************
INFO: [SIM 1] CSim done with 0 errors.
INFO: [SIM 3] *************** CSIM finish ***************
